1.4.2023, 17:29:47 - INFO - Server is running on port: 3030 
1.4.2023, 17:29:47 - INFO - New connected socket [id: NNoI9rN52dOboYnAAAAB] 
1.4.2023, 17:29:47 - INFO - Setting socket.userId = cixtWA for socket [id: NNoI9rN52dOboYnAAAAB] 
1.4.2023, 17:30:07 - INFO - Socket disconnected [id: undefined] 
1.4.2023, 17:30:08 - DEBUG - GOT: | 540c262b02d384bd1f8f0ca24667ebfe0544c23991a0e149267a2ecd776ad26d1b14a2caaefcd8864d8bc46b0d1a29eb425e67b62ad4872d21963924c8a768c70811096edd7977cfa925e9ac2fd7486c0d7451caca1a17c27b826ca86d143c57b180c4d1c18419becb6e4c23103e75a102746ec86c7cbf8ad76977c90d0d181bcd827b767552942903810fb3aa11e74bee745def 
1.4.2023, 17:30:08 - DEBUG - Getting Boards (userId: 6422e294e6f5b31b74228327)
1.4.2023, 17:30:08 - INFO - New connected socket [id: VJpKvFyS5PzLPy2zAAAD] 
1.4.2023, 17:30:08 - DEBUG - GOT: | 540c262b02d384bd1f8f0ca24667ebfe0544c23991a0e149267a2ecd776ad26d1b14a2caaefcd8864d8bc46b0d1a29eb425e67b62ad4872d21963924c8a768c70811096edd7977cfa925e9ac2fd7486c0d7451caca1a17c27b826ca86d143c57b180c4d1c18419becb6e4c23103e75a102746ec86c7cbf8ad76977c90d0d181bcd827b767552942903810fb3aa11e74bee745def 
1.4.2023, 17:30:09 - INFO - Setting socket.userId = cixtWA for socket [id: VJpKvFyS5PzLPy2zAAAD] 
1.4.2023, 17:46:47 - DEBUG - GOT: | 540c262b02d384bd1f8f0ca24667ebfe0544c23991a0e149267a2ecd776ad26d1b14a2caaefcd8864d8bc46b0d1a29eb425e67b62ad4872d21963924c8a768c70811096edd7977cfa925e9ac2fd7486c0d7451caca1a17c27b826ca86d143c57b180c4d1c18419becb6e4c23103e75a102746ec86c7cbf8ad76977c90d0d181bcd827b767552942903810fb3aa11e74bee745def 
1.4.2023, 17:46:48 - INFO - Broadcasting event: board-get-update (userId: 6422e294e6f5b31b74228327)
1.4.2023, 17:46:48 - INFO - Emit to room: 6422de01e6f5b31b74228324 (userId: 6422e294e6f5b31b74228327)
1.4.2023, 17:46:51 - DEBUG - GOT: | 540c262b02d384bd1f8f0ca24667ebfe0544c23991a0e149267a2ecd776ad26d1b14a2caaefcd8864d8bc46b0d1a29eb425e67b62ad4872d21963924c8a768c70811096edd7977cfa925e9ac2fd7486c0d7451caca1a17c27b826ca86d143c57b180c4d1c18419becb6e4c23103e75a102746ec86c7cbf8ad76977c90d0d181bcd827b767552942903810fb3aa11e74bee745def 
1.4.2023, 17:46:51 - INFO - Broadcasting event: board-get-update (userId: 6422e294e6f5b31b74228327)
1.4.2023, 17:46:51 - INFO - Emit to room: 6422de01e6f5b31b74228324 (userId: 6422e294e6f5b31b74228327)
1.4.2023, 17:50:08 - DEBUG - GOT: | 540c262b02d384bd1f8f0ca24667ebfe0544c23991a0e149267a2ecd776ad26d1b14a2caaefcd8864d8bc46b0d1a29eb425e67b62ad4872d21963924c8a768c70811096edd7977cfa925e9ac2fd7486c0d7451caca1a17c27b826ca86d143c57b180c4d1c18419becb6e4c23103e75a102746ec86c7cbf8ad76977c90d0d181bcd827b767552942903810fb3aa11e74bee745def 
1.4.2023, 17:50:09 - INFO - Broadcasting event: board-get-update (userId: 6422e294e6f5b31b74228327)
1.4.2023, 17:50:09 - INFO - Emit to room: 6422de01e6f5b31b74228324 (userId: 6422e294e6f5b31b74228327)
1.4.2023, 17:50:10 - DEBUG - GOT: | 540c262b02d384bd1f8f0ca24667ebfe0544c23991a0e149267a2ecd776ad26d1b14a2caaefcd8864d8bc46b0d1a29eb425e67b62ad4872d21963924c8a768c70811096edd7977cfa925e9ac2fd7486c0d7451caca1a17c27b826ca86d143c57b180c4d1c18419becb6e4c23103e75a102746ec86c7cbf8ad76977c90d0d181bcd827b767552942903810fb3aa11e74bee745def 
1.4.2023, 17:50:11 - INFO - Emit to room: 6422de01e6f5b31b74228324 (userId: 6422e294e6f5b31b74228327)
1.4.2023, 17:50:11 - INFO - Broadcasting event: board-get-update (userId: 6422e294e6f5b31b74228327)
1.4.2023, 17:50:13 - DEBUG - GOT: | 540c262b02d384bd1f8f0ca24667ebfe0544c23991a0e149267a2ecd776ad26d1b14a2caaefcd8864d8bc46b0d1a29eb425e67b62ad4872d21963924c8a768c70811096edd7977cfa925e9ac2fd7486c0d7451caca1a17c27b826ca86d143c57b180c4d1c18419becb6e4c23103e75a102746ec86c7cbf8ad76977c90d0d181bcd827b767552942903810fb3aa11e74bee745def 
1.4.2023, 17:50:14 - INFO - Broadcasting event: board-get-update (userId: 6422e294e6f5b31b74228327)
1.4.2023, 17:50:14 - INFO - Emit to room: 6422de01e6f5b31b74228324 (userId: 6422e294e6f5b31b74228327)
1.4.2023, 17:50:15 - DEBUG - GOT: | 540c262b02d384bd1f8f0ca24667ebfe0544c23991a0e149267a2ecd776ad26d1b14a2caaefcd8864d8bc46b0d1a29eb425e67b62ad4872d21963924c8a768c70811096edd7977cfa925e9ac2fd7486c0d7451caca1a17c27b826ca86d143c57b180c4d1c18419becb6e4c23103e75a102746ec86c7cbf8ad76977c90d0d181bcd827b767552942903810fb3aa11e74bee745def 
1.4.2023, 17:50:15 - INFO - Broadcasting event: board-get-update (userId: 6422e294e6f5b31b74228327)
1.4.2023, 17:50:15 - INFO - Emit to room: 6422de01e6f5b31b74228324 (userId: 6422e294e6f5b31b74228327)
1.4.2023, 17:50:16 - DEBUG - GOT: | 540c262b02d384bd1f8f0ca24667ebfe0544c23991a0e149267a2ecd776ad26d1b14a2caaefcd8864d8bc46b0d1a29eb425e67b62ad4872d21963924c8a768c70811096edd7977cfa925e9ac2fd7486c0d7451caca1a17c27b826ca86d143c57b180c4d1c18419becb6e4c23103e75a102746ec86c7cbf8ad76977c90d0d181bcd827b767552942903810fb3aa11e74bee745def 
1.4.2023, 17:50:16 - INFO - Broadcasting event: board-get-update (userId: 6422e294e6f5b31b74228327)
1.4.2023, 17:50:16 - INFO - Emit to room: 6422de01e6f5b31b74228324 (userId: 6422e294e6f5b31b74228327)
1.4.2023, 17:50:16 - DEBUG - GOT: | 540c262b02d384bd1f8f0ca24667ebfe0544c23991a0e149267a2ecd776ad26d1b14a2caaefcd8864d8bc46b0d1a29eb425e67b62ad4872d21963924c8a768c70811096edd7977cfa925e9ac2fd7486c0d7451caca1a17c27b826ca86d143c57b180c4d1c18419becb6e4c23103e75a102746ec86c7cbf8ad76977c90d0d181bcd827b767552942903810fb3aa11e74bee745def 
1.4.2023, 17:50:16 - INFO - Broadcasting event: board-get-update (userId: 6422e294e6f5b31b74228327)
1.4.2023, 17:50:16 - INFO - Emit to room: 6422de01e6f5b31b74228324 (userId: 6422e294e6f5b31b74228327)
1.4.2023, 17:50:17 - DEBUG - GOT: | 540c262b02d384bd1f8f0ca24667ebfe0544c23991a0e149267a2ecd776ad26d1b14a2caaefcd8864d8bc46b0d1a29eb425e67b62ad4872d21963924c8a768c70811096edd7977cfa925e9ac2fd7486c0d7451caca1a17c27b826ca86d143c57b180c4d1c18419becb6e4c23103e75a102746ec86c7cbf8ad76977c90d0d181bcd827b767552942903810fb3aa11e74bee745def 
1.4.2023, 17:50:17 - INFO - Broadcasting event: board-get-update (userId: 6422e294e6f5b31b74228327)
1.4.2023, 17:50:17 - INFO - Emit to room: 6422de01e6f5b31b74228324 (userId: 6422e294e6f5b31b74228327)
1.4.2023, 17:50:19 - DEBUG - GOT: | 540c262b02d384bd1f8f0ca24667ebfe0544c23991a0e149267a2ecd776ad26d1b14a2caaefcd8864d8bc46b0d1a29eb425e67b62ad4872d21963924c8a768c70811096edd7977cfa925e9ac2fd7486c0d7451caca1a17c27b826ca86d143c57b180c4d1c18419becb6e4c23103e75a102746ec86c7cbf8ad76977c90d0d181bcd827b767552942903810fb3aa11e74bee745def 
1.4.2023, 17:50:19 - INFO - Broadcasting event: board-get-update (userId: 6422e294e6f5b31b74228327)
1.4.2023, 17:50:19 - INFO - Emit to room: 6422de01e6f5b31b74228324 (userId: 6422e294e6f5b31b74228327)
1.4.2023, 17:50:20 - DEBUG - GOT: | 540c262b02d384bd1f8f0ca24667ebfe0544c23991a0e149267a2ecd776ad26d1b14a2caaefcd8864d8bc46b0d1a29eb425e67b62ad4872d21963924c8a768c70811096edd7977cfa925e9ac2fd7486c0d7451caca1a17c27b826ca86d143c57b180c4d1c18419becb6e4c23103e75a102746ec86c7cbf8ad76977c90d0d181bcd827b767552942903810fb3aa11e74bee745def 
1.4.2023, 17:50:21 - INFO - Emit to room: 6422de01e6f5b31b74228324 (userId: 6422e294e6f5b31b74228327)
1.4.2023, 17:50:21 - INFO - Broadcasting event: board-get-update (userId: 6422e294e6f5b31b74228327)
1.4.2023, 17:50:23 - DEBUG - GOT: | 540c262b02d384bd1f8f0ca24667ebfe0544c23991a0e149267a2ecd776ad26d1b14a2caaefcd8864d8bc46b0d1a29eb425e67b62ad4872d21963924c8a768c70811096edd7977cfa925e9ac2fd7486c0d7451caca1a17c27b826ca86d143c57b180c4d1c18419becb6e4c23103e75a102746ec86c7cbf8ad76977c90d0d181bcd827b767552942903810fb3aa11e74bee745def 
1.4.2023, 17:50:23 - INFO - Emit to room: 6422de01e6f5b31b74228324 (userId: 6422e294e6f5b31b74228327)
1.4.2023, 17:50:23 - INFO - Broadcasting event: board-get-update (userId: 6422e294e6f5b31b74228327)
1.4.2023, 17:50:24 - DEBUG - GOT: | 540c262b02d384bd1f8f0ca24667ebfe0544c23991a0e149267a2ecd776ad26d1b14a2caaefcd8864d8bc46b0d1a29eb425e67b62ad4872d21963924c8a768c70811096edd7977cfa925e9ac2fd7486c0d7451caca1a17c27b826ca86d143c57b180c4d1c18419becb6e4c23103e75a102746ec86c7cbf8ad76977c90d0d181bcd827b767552942903810fb3aa11e74bee745def 
1.4.2023, 17:50:24 - INFO - Broadcasting event: board-get-update (userId: 6422e294e6f5b31b74228327)
1.4.2023, 17:50:24 - INFO - Emit to room: 6422de01e6f5b31b74228324 (userId: 6422e294e6f5b31b74228327)
1.4.2023, 18:03:18 - DEBUG - GOT: | 540c262b02d384bd1f8f0ca24667ebfe0544c23991a0e149267a2ecd776ad26d1b14a2caaefcd8864d8bc46b0d1a29eb425e67b62ad4872d21963924c8a768c70811096edd7977cfa925e9ac2fd7486c0d7451caca1a17c27b826ca86d143c57b180c4d1c18419becb6e4c23103e75a102746ec86c7cbf8ad76977c90d0d181bcd827b767552942903810fb3aa11e74bee745def 
1.4.2023, 18:03:19 - INFO - Broadcasting event: board-get-update (userId: 6422e294e6f5b31b74228327)
1.4.2023, 18:03:19 - INFO - Emit to room: 6422de01e6f5b31b74228324 (userId: 6422e294e6f5b31b74228327)
1.4.2023, 18:05:14 - DEBUG - GOT: | 540c262b02d384bd1f8f0ca24667ebfe0544c23991a0e149267a2ecd776ad26d1b14a2caaefcd8864d8bc46b0d1a29eb425e67b62ad4872d21963924c8a768c70811096edd7977cfa925e9ac2fd7486c0d7451caca1a17c27b826ca86d143c57b180c4d1c18419becb6e4c23103e75a102746ec86c7cbf8ad76977c90d0d181bcd827b767552942903810fb3aa11e74bee745def 
1.4.2023, 18:05:14 - INFO - Broadcasting event: board-get-update (userId: 6422e294e6f5b31b74228327)
1.4.2023, 18:05:14 - INFO - Emit to room: 6422de01e6f5b31b74228324 (userId: 6422e294e6f5b31b74228327)
1.4.2023, 18:10:45 - DEBUG - GOT: | 540c262b02d384bd1f8f0ca24667ebfe0544c23991a0e149267a2ecd776ad26d1b14a2caaefcd8864d8bc46b0d1a29eb425e67b62ad4872d21963924c8a768c70811096edd7977cfa925e9ac2fd7486c0d7451caca1a17c27b826ca86d143c57b180c4d1c18419becb6e4c23103e75a102746ec86c7cbf8ad76977c90d0d181bcd827b767552942903810fb3aa11e74bee745def 
1.4.2023, 18:10:45 - INFO - Emit to room: 6422de01e6f5b31b74228324 (userId: 6422e294e6f5b31b74228327)
1.4.2023, 18:10:45 - INFO - Broadcasting event: board-get-update (userId: 6422e294e6f5b31b74228327)
1.4.2023, 18:10:46 - DEBUG - GOT: | 540c262b02d384bd1f8f0ca24667ebfe0544c23991a0e149267a2ecd776ad26d1b14a2caaefcd8864d8bc46b0d1a29eb425e67b62ad4872d21963924c8a768c70811096edd7977cfa925e9ac2fd7486c0d7451caca1a17c27b826ca86d143c57b180c4d1c18419becb6e4c23103e75a102746ec86c7cbf8ad76977c90d0d181bcd827b767552942903810fb3aa11e74bee745def 
1.4.2023, 18:10:46 - INFO - Broadcasting event: board-get-update (userId: 6422e294e6f5b31b74228327)
1.4.2023, 18:10:46 - INFO - Emit to room: 6422de01e6f5b31b74228324 (userId: 6422e294e6f5b31b74228327)
1.4.2023, 18:10:47 - DEBUG - GOT: | 540c262b02d384bd1f8f0ca24667ebfe0544c23991a0e149267a2ecd776ad26d1b14a2caaefcd8864d8bc46b0d1a29eb425e67b62ad4872d21963924c8a768c70811096edd7977cfa925e9ac2fd7486c0d7451caca1a17c27b826ca86d143c57b180c4d1c18419becb6e4c23103e75a102746ec86c7cbf8ad76977c90d0d181bcd827b767552942903810fb3aa11e74bee745def 
1.4.2023, 18:10:47 - INFO - Broadcasting event: board-get-update (userId: 6422e294e6f5b31b74228327)
1.4.2023, 18:10:47 - INFO - Emit to room: 6422de01e6f5b31b74228324 (userId: 6422e294e6f5b31b74228327)
1.4.2023, 18:22:54 - INFO - Socket disconnected [id: undefined] 
1.4.2023, 18:23:06 - DEBUG - GOT: | 540c262b02d384bd1f8f0ca24667ebfe0544c23991a0e149267a2ecd776ad26d1b14a2caaefcd8864d8bc46b0d1a29eb425e67b62ad4872d21963924c8a768c70811096edd7977cfa925e9ac2fd7486c0d7451caca1a17c27b826ca86d143c57b180c4d1c18419becb6e4c23103e75a102746ec86c7cbf8ad76977c90d0d181bcd827b767552942903810fb3aa11e74bee745def 
1.4.2023, 18:23:06 - DEBUG - Getting Boards (userId: 6422e294e6f5b31b74228327)
1.4.2023, 18:23:06 - DEBUG - GOT: | 540c262b02d384bd1f8f0ca24667ebfe0544c23991a0e149267a2ecd776ad26d1b14a2caaefcd8864d8bc46b0d1a29eb425e67b62ad4872d21963924c8a768c70811096edd7977cfa925e9ac2fd7486c0d7451caca1a17c27b826ca86d143c57b180c4d1c18419becb6e4c23103e75a102746ec86c7cbf8ad76977c90d0d181bcd827b767552942903810fb3aa11e74bee745def 
1.4.2023, 18:23:06 - INFO - New connected socket [id: cTU6VO6_LkOuvE91AAAF] 
1.4.2023, 18:23:06 - INFO - Setting socket.userId = cixtWA for socket [id: cTU6VO6_LkOuvE91AAAF] 
1.4.2023, 18:53:23 - DEBUG - GOT: | 540c262b02d384bd1f8f0ca24667ebfe0544c23991a0e149267a2ecd776ad26d1b14a2caaefcd8864d8bc46b0d1a29eb425e67b62ad4872d21963924c8a768c70811096edd7977cfa925e9ac2fd7486c0d7451caca1a17c27b826ca86d143c57b180c4d1c18419becb6e4c23103e75a102746ec86c7cbf8ad76977c90d0d181bcd827b767552942903810fb3aa11e74bee745def 
1.4.2023, 18:53:23 - INFO - Broadcasting event: board-get-update (userId: 6422e294e6f5b31b74228327)
1.4.2023, 18:53:23 - INFO - Emit to room: 6422de01e6f5b31b74228324 (userId: 6422e294e6f5b31b74228327)
1.4.2023, 18:54:10 - DEBUG - GOT: | 540c262b02d384bd1f8f0ca24667ebfe0544c23991a0e149267a2ecd776ad26d1b14a2caaefcd8864d8bc46b0d1a29eb425e67b62ad4872d21963924c8a768c70811096edd7977cfa925e9ac2fd7486c0d7451caca1a17c27b826ca86d143c57b180c4d1c18419becb6e4c23103e75a102746ec86c7cbf8ad76977c90d0d181bcd827b767552942903810fb3aa11e74bee745def 
1.4.2023, 18:54:10 - INFO - Emit to room: 6422de01e6f5b31b74228324 (userId: 6422e294e6f5b31b74228327)
1.4.2023, 18:54:10 - INFO - Broadcasting event: board-get-update (userId: 6422e294e6f5b31b74228327)
1.4.2023, 18:58:34 - INFO - Socket disconnected [id: undefined] 
1.4.2023, 18:59:14 - DEBUG - GOT: | 540c262b02d384bd1f8f0ca24667ebfe0544c23991a0e149267a2ecd776ad26d1b14a2caaefcd8864d8bc46b0d1a29eb425e67b62ad4872d21963924c8a768c70811096edd7977cfa925e9ac2fd7486c0d7451caca1a17c27b826ca86d143c57b180c4d1c18419becb6e4c23103e75a102746ec86c7cbf8ad76977c90d0d181bcd827b767552942903810fb3aa11e74bee745def 
1.4.2023, 18:59:14 - DEBUG - Getting Boards (userId: 6422e294e6f5b31b74228327)
1.4.2023, 18:59:14 - DEBUG - GOT: | 540c262b02d384bd1f8f0ca24667ebfe0544c23991a0e149267a2ecd776ad26d1b14a2caaefcd8864d8bc46b0d1a29eb425e67b62ad4872d21963924c8a768c70811096edd7977cfa925e9ac2fd7486c0d7451caca1a17c27b826ca86d143c57b180c4d1c18419becb6e4c23103e75a102746ec86c7cbf8ad76977c90d0d181bcd827b767552942903810fb3aa11e74bee745def 
1.4.2023, 18:59:14 - INFO - New connected socket [id: krisfQee3xrh_zGTAAAH] 
1.4.2023, 18:59:15 - INFO - Setting socket.userId = cixtWA for socket [id: krisfQee3xrh_zGTAAAH] 
1.4.2023, 19:08:39 - INFO - Socket disconnected [id: undefined] 
1.4.2023, 19:09:19 - DEBUG - GOT: | 540c262b02d384bd1f8f0ca24667ebfe0544c23991a0e149267a2ecd776ad26d1b14a2caaefcd8864d8bc46b0d1a29eb425e67b62ad4872d21963924c8a768c70811096edd7977cfa925e9ac2fd7486c0d7451caca1a17c27b826ca86d143c57b180c4d1c18419becb6e4c23103e75a102746ec86c7cbf8ad76977c90d0d181bcd827b767552942903810fb3aa11e74bee745def 
1.4.2023, 19:09:19 - DEBUG - Getting Boards (userId: 6422e294e6f5b31b74228327)
1.4.2023, 19:09:19 - DEBUG - GOT: | 540c262b02d384bd1f8f0ca24667ebfe0544c23991a0e149267a2ecd776ad26d1b14a2caaefcd8864d8bc46b0d1a29eb425e67b62ad4872d21963924c8a768c70811096edd7977cfa925e9ac2fd7486c0d7451caca1a17c27b826ca86d143c57b180c4d1c18419becb6e4c23103e75a102746ec86c7cbf8ad76977c90d0d181bcd827b767552942903810fb3aa11e74bee745def 
1.4.2023, 19:09:20 - INFO - New connected socket [id: V2xqfaoN5Ks7x8BvAAAJ] 
1.4.2023, 19:09:20 - INFO - Setting socket.userId = cixtWA for socket [id: V2xqfaoN5Ks7x8BvAAAJ] 
1.4.2023, 19:11:15 - INFO - Socket disconnected [id: undefined] 
1.4.2023, 19:13:03 - DEBUG - Getting Boards (userId: 6422e294e6f5b31b74228327)
1.4.2023, 19:13:03 - DEBUG - GOT: | 540c262b02d384bd1f8f0ca24667ebfe0544c23991a0e149267a2ecd776ad26d1b14a2caaefcd8864d8bc46b0d1a29eb425e67b62ad4872d21963924c8a768c70811096edd7977cfa925e9ac2fd7486c0d7451caca1a17c27b826ca86d143c57b180c4d1c18419becb6e4c23103e75a102746ec86c7cbf8ad76977c90d0d181bcd827b767552942903810fb3aa11e74bee745def 
1.4.2023, 19:13:03 - DEBUG - GOT: | 540c262b02d384bd1f8f0ca24667ebfe0544c23991a0e149267a2ecd776ad26d1b14a2caaefcd8864d8bc46b0d1a29eb425e67b62ad4872d21963924c8a768c70811096edd7977cfa925e9ac2fd7486c0d7451caca1a17c27b826ca86d143c57b180c4d1c18419becb6e4c23103e75a102746ec86c7cbf8ad76977c90d0d181bcd827b767552942903810fb3aa11e74bee745def 
1.4.2023, 19:13:03 - INFO - New connected socket [id: eNjJfrVXpge7IenOAAAL] 
1.4.2023, 19:13:04 - INFO - Setting socket.userId = cixtWA for socket [id: eNjJfrVXpge7IenOAAAL] 
1.4.2023, 19:16:47 - INFO - Socket disconnected [id: undefined] 
1.4.2023, 19:17:00 - DEBUG - GOT: | 540c262b02d384bd1f8f0ca24667ebfe0544c23991a0e149267a2ecd776ad26d1b14a2caaefcd8864d8bc46b0d1a29eb425e67b62ad4872d21963924c8a768c70811096edd7977cfa925e9ac2fd7486c0d7451caca1a17c27b826ca86d143c57b180c4d1c18419becb6e4c23103e75a102746ec86c7cbf8ad76977c90d0d181bcd827b767552942903810fb3aa11e74bee745def 
1.4.2023, 19:17:00 - DEBUG - Getting Boards (userId: 6422e294e6f5b31b74228327)
1.4.2023, 19:17:00 - DEBUG - GOT: | 540c262b02d384bd1f8f0ca24667ebfe0544c23991a0e149267a2ecd776ad26d1b14a2caaefcd8864d8bc46b0d1a29eb425e67b62ad4872d21963924c8a768c70811096edd7977cfa925e9ac2fd7486c0d7451caca1a17c27b826ca86d143c57b180c4d1c18419becb6e4c23103e75a102746ec86c7cbf8ad76977c90d0d181bcd827b767552942903810fb3aa11e74bee745def 
1.4.2023, 19:17:00 - INFO - New connected socket [id: zQSJyT_wEs6HRtyWAAAN] 
1.4.2023, 19:17:00 - INFO - Setting socket.userId = cixtWA for socket [id: zQSJyT_wEs6HRtyWAAAN] 
1.4.2023, 19:22:48 - INFO - Socket disconnected [id: undefined] 
1.4.2023, 19:23:28 - DEBUG - GOT: | 540c262b02d384bd1f8f0ca24667ebfe0544c23991a0e149267a2ecd776ad26d1b14a2caaefcd8864d8bc46b0d1a29eb425e67b62ad4872d21963924c8a768c70811096edd7977cfa925e9ac2fd7486c0d7451caca1a17c27b826ca86d143c57b180c4d1c18419becb6e4c23103e75a102746ec86c7cbf8ad76977c90d0d181bcd827b767552942903810fb3aa11e74bee745def 
1.4.2023, 19:23:28 - DEBUG - Getting Boards (userId: 6422e294e6f5b31b74228327)
1.4.2023, 19:23:28 - DEBUG - GOT: | 540c262b02d384bd1f8f0ca24667ebfe0544c23991a0e149267a2ecd776ad26d1b14a2caaefcd8864d8bc46b0d1a29eb425e67b62ad4872d21963924c8a768c70811096edd7977cfa925e9ac2fd7486c0d7451caca1a17c27b826ca86d143c57b180c4d1c18419becb6e4c23103e75a102746ec86c7cbf8ad76977c90d0d181bcd827b767552942903810fb3aa11e74bee745def 
1.4.2023, 19:23:29 - INFO - New connected socket [id: XY_oIccJ6z3Xp3dtAAAP] 
1.4.2023, 19:23:31 - INFO - Setting socket.userId = cixtWA for socket [id: XY_oIccJ6z3Xp3dtAAAP] 
1.4.2023, 19:23:47 - DEBUG - GOT: | 540c262b02d384bd1f8f0ca24667ebfe0544c23991a0e149267a2ecd776ad26d1b14a2caaefcd8864d8bc46b0d1a29eb425e67b62ad4872d21963924c8a768c70811096edd7977cfa925e9ac2fd7486c0d7451caca1a17c27b826ca86d143c57b180c4d1c18419becb6e4c23103e75a102746ec86c7cbf8ad76977c90d0d181bcd827b767552942903810fb3aa11e74bee745def 
1.4.2023, 19:23:48 - INFO - Broadcasting event: board-get-update (userId: 6422e294e6f5b31b74228327)
1.4.2023, 19:23:48 - INFO - Emit to room: 6422de01e6f5b31b74228324 (userId: 6422e294e6f5b31b74228327)
1.4.2023, 19:24:35 - INFO - Socket disconnected [id: undefined] 
1.4.2023, 19:25:15 - DEBUG - GOT: | 540c262b02d384bd1f8f0ca24667ebfe0544c23991a0e149267a2ecd776ad26d1b14a2caaefcd8864d8bc46b0d1a29eb425e67b62ad4872d21963924c8a768c70811096edd7977cfa925e9ac2fd7486c0d7451caca1a17c27b826ca86d143c57b180c4d1c18419becb6e4c23103e75a102746ec86c7cbf8ad76977c90d0d181bcd827b767552942903810fb3aa11e74bee745def 
1.4.2023, 19:25:15 - DEBUG - Getting Boards (userId: 6422e294e6f5b31b74228327)
1.4.2023, 19:25:15 - DEBUG - GOT: | 540c262b02d384bd1f8f0ca24667ebfe0544c23991a0e149267a2ecd776ad26d1b14a2caaefcd8864d8bc46b0d1a29eb425e67b62ad4872d21963924c8a768c70811096edd7977cfa925e9ac2fd7486c0d7451caca1a17c27b826ca86d143c57b180c4d1c18419becb6e4c23103e75a102746ec86c7cbf8ad76977c90d0d181bcd827b767552942903810fb3aa11e74bee745def 
1.4.2023, 19:25:16 - INFO - New connected socket [id: 2BNZbNzJvjhaDbyOAAAR] 
1.4.2023, 19:25:17 - INFO - Setting socket.userId = cixtWA for socket [id: 2BNZbNzJvjhaDbyOAAAR] 
1.4.2023, 19:26:40 - DEBUG - GOT: | 540c262b02d384bd1f8f0ca24667ebfe0544c23991a0e149267a2ecd776ad26d1b14a2caaefcd8864d8bc46b0d1a29eb425e67b62ad4872d21963924c8a768c70811096edd7977cfa925e9ac2fd7486c0d7451caca1a17c27b826ca86d143c57b180c4d1c18419becb6e4c23103e75a102746ec86c7cbf8ad76977c90d0d181bcd827b767552942903810fb3aa11e74bee745def 
1.4.2023, 19:26:40 - INFO - Broadcasting event: board-get-update (userId: 6422e294e6f5b31b74228327)
1.4.2023, 19:26:40 - INFO - Emit to room: 6422de01e6f5b31b74228324 (userId: 6422e294e6f5b31b74228327)
1.4.2023, 19:26:42 - DEBUG - GOT: | 540c262b02d384bd1f8f0ca24667ebfe0544c23991a0e149267a2ecd776ad26d1b14a2caaefcd8864d8bc46b0d1a29eb425e67b62ad4872d21963924c8a768c70811096edd7977cfa925e9ac2fd7486c0d7451caca1a17c27b826ca86d143c57b180c4d1c18419becb6e4c23103e75a102746ec86c7cbf8ad76977c90d0d181bcd827b767552942903810fb3aa11e74bee745def 
1.4.2023, 19:26:43 - INFO - Broadcasting event: board-get-update (userId: 6422e294e6f5b31b74228327)
1.4.2023, 19:26:43 - INFO - Emit to room: 6422de01e6f5b31b74228324 (userId: 6422e294e6f5b31b74228327)
1.4.2023, 19:26:44 - DEBUG - GOT: | 540c262b02d384bd1f8f0ca24667ebfe0544c23991a0e149267a2ecd776ad26d1b14a2caaefcd8864d8bc46b0d1a29eb425e67b62ad4872d21963924c8a768c70811096edd7977cfa925e9ac2fd7486c0d7451caca1a17c27b826ca86d143c57b180c4d1c18419becb6e4c23103e75a102746ec86c7cbf8ad76977c90d0d181bcd827b767552942903810fb3aa11e74bee745def 
1.4.2023, 19:26:45 - INFO - Broadcasting event: board-get-update (userId: 6422e294e6f5b31b74228327)
1.4.2023, 19:26:45 - INFO - Emit to room: 6422de01e6f5b31b74228324 (userId: 6422e294e6f5b31b74228327)
1.4.2023, 19:26:46 - DEBUG - GOT: | 540c262b02d384bd1f8f0ca24667ebfe0544c23991a0e149267a2ecd776ad26d1b14a2caaefcd8864d8bc46b0d1a29eb425e67b62ad4872d21963924c8a768c70811096edd7977cfa925e9ac2fd7486c0d7451caca1a17c27b826ca86d143c57b180c4d1c18419becb6e4c23103e75a102746ec86c7cbf8ad76977c90d0d181bcd827b767552942903810fb3aa11e74bee745def 
1.4.2023, 19:26:46 - INFO - Broadcasting event: board-get-update (userId: 6422e294e6f5b31b74228327)
1.4.2023, 19:26:46 - INFO - Emit to room: 6422de01e6f5b31b74228324 (userId: 6422e294e6f5b31b74228327)
1.4.2023, 19:26:50 - DEBUG - GOT: | 540c262b02d384bd1f8f0ca24667ebfe0544c23991a0e149267a2ecd776ad26d1b14a2caaefcd8864d8bc46b0d1a29eb425e67b62ad4872d21963924c8a768c70811096edd7977cfa925e9ac2fd7486c0d7451caca1a17c27b826ca86d143c57b180c4d1c18419becb6e4c23103e75a102746ec86c7cbf8ad76977c90d0d181bcd827b767552942903810fb3aa11e74bee745def 
1.4.2023, 19:26:50 - INFO - Broadcasting event: board-get-update (userId: 6422e294e6f5b31b74228327)
1.4.2023, 19:26:50 - INFO - Emit to room: 6422de01e6f5b31b74228324 (userId: 6422e294e6f5b31b74228327)
1.4.2023, 19:26:51 - DEBUG - GOT: | 540c262b02d384bd1f8f0ca24667ebfe0544c23991a0e149267a2ecd776ad26d1b14a2caaefcd8864d8bc46b0d1a29eb425e67b62ad4872d21963924c8a768c70811096edd7977cfa925e9ac2fd7486c0d7451caca1a17c27b826ca86d143c57b180c4d1c18419becb6e4c23103e75a102746ec86c7cbf8ad76977c90d0d181bcd827b767552942903810fb3aa11e74bee745def 
1.4.2023, 19:26:52 - INFO - Broadcasting event: board-get-update (userId: 6422e294e6f5b31b74228327)
1.4.2023, 19:26:52 - INFO - Emit to room: 6422de01e6f5b31b74228324 (userId: 6422e294e6f5b31b74228327)
1.4.2023, 19:26:56 - DEBUG - GOT: | 540c262b02d384bd1f8f0ca24667ebfe0544c23991a0e149267a2ecd776ad26d1b14a2caaefcd8864d8bc46b0d1a29eb425e67b62ad4872d21963924c8a768c70811096edd7977cfa925e9ac2fd7486c0d7451caca1a17c27b826ca86d143c57b180c4d1c18419becb6e4c23103e75a102746ec86c7cbf8ad76977c90d0d181bcd827b767552942903810fb3aa11e74bee745def 
1.4.2023, 19:26:56 - INFO - Broadcasting event: board-get-update (userId: 6422e294e6f5b31b74228327)
1.4.2023, 19:26:56 - INFO - Emit to room: 6422de01e6f5b31b74228324 (userId: 6422e294e6f5b31b74228327)
1.4.2023, 19:27:13 - INFO - Socket disconnected [id: undefined] 
1.4.2023, 19:27:53 - DEBUG - GOT: | 540c262b02d384bd1f8f0ca24667ebfe0544c23991a0e149267a2ecd776ad26d1b14a2caaefcd8864d8bc46b0d1a29eb425e67b62ad4872d21963924c8a768c70811096edd7977cfa925e9ac2fd7486c0d7451caca1a17c27b826ca86d143c57b180c4d1c18419becb6e4c23103e75a102746ec86c7cbf8ad76977c90d0d181bcd827b767552942903810fb3aa11e74bee745def 
1.4.2023, 19:27:53 - DEBUG - Getting Boards (userId: 6422e294e6f5b31b74228327)
1.4.2023, 19:27:53 - DEBUG - GOT: | 540c262b02d384bd1f8f0ca24667ebfe0544c23991a0e149267a2ecd776ad26d1b14a2caaefcd8864d8bc46b0d1a29eb425e67b62ad4872d21963924c8a768c70811096edd7977cfa925e9ac2fd7486c0d7451caca1a17c27b826ca86d143c57b180c4d1c18419becb6e4c23103e75a102746ec86c7cbf8ad76977c90d0d181bcd827b767552942903810fb3aa11e74bee745def 
1.4.2023, 19:27:53 - INFO - New connected socket [id: X6X5jQBOd6GHQhAGAAAT] 
1.4.2023, 19:27:55 - INFO - Setting socket.userId = cixtWA for socket [id: X6X5jQBOd6GHQhAGAAAT] 
1.4.2023, 19:27:59 - DEBUG - GOT: | 540c262b02d384bd1f8f0ca24667ebfe0544c23991a0e149267a2ecd776ad26d1b14a2caaefcd8864d8bc46b0d1a29eb425e67b62ad4872d21963924c8a768c70811096edd7977cfa925e9ac2fd7486c0d7451caca1a17c27b826ca86d143c57b180c4d1c18419becb6e4c23103e75a102746ec86c7cbf8ad76977c90d0d181bcd827b767552942903810fb3aa11e74bee745def 
1.4.2023, 19:28:00 - INFO - Broadcasting event: board-get-update (userId: 6422e294e6f5b31b74228327)
1.4.2023, 19:28:00 - INFO - Emit to room: 6422de01e6f5b31b74228324 (userId: 6422e294e6f5b31b74228327)
1.4.2023, 19:28:01 - DEBUG - GOT: | 540c262b02d384bd1f8f0ca24667ebfe0544c23991a0e149267a2ecd776ad26d1b14a2caaefcd8864d8bc46b0d1a29eb425e67b62ad4872d21963924c8a768c70811096edd7977cfa925e9ac2fd7486c0d7451caca1a17c27b826ca86d143c57b180c4d1c18419becb6e4c23103e75a102746ec86c7cbf8ad76977c90d0d181bcd827b767552942903810fb3aa11e74bee745def 
1.4.2023, 19:28:01 - INFO - Emit to room: 6422de01e6f5b31b74228324 (userId: 6422e294e6f5b31b74228327)
1.4.2023, 19:28:01 - INFO - Broadcasting event: board-get-update (userId: 6422e294e6f5b31b74228327)
1.4.2023, 19:28:02 - DEBUG - GOT: | 540c262b02d384bd1f8f0ca24667ebfe0544c23991a0e149267a2ecd776ad26d1b14a2caaefcd8864d8bc46b0d1a29eb425e67b62ad4872d21963924c8a768c70811096edd7977cfa925e9ac2fd7486c0d7451caca1a17c27b826ca86d143c57b180c4d1c18419becb6e4c23103e75a102746ec86c7cbf8ad76977c90d0d181bcd827b767552942903810fb3aa11e74bee745def 
1.4.2023, 19:28:03 - INFO - Broadcasting event: board-get-update (userId: 6422e294e6f5b31b74228327)
1.4.2023, 19:28:03 - INFO - Emit to room: 6422de01e6f5b31b74228324 (userId: 6422e294e6f5b31b74228327)
1.4.2023, 19:28:26 - DEBUG - GOT: | 540c262b02d384bd1f8f0ca24667ebfe0544c23991a0e149267a2ecd776ad26d1b14a2caaefcd8864d8bc46b0d1a29eb425e67b62ad4872d21963924c8a768c70811096edd7977cfa925e9ac2fd7486c0d7451caca1a17c27b826ca86d143c57b180c4d1c18419becb6e4c23103e75a102746ec86c7cbf8ad76977c90d0d181bcd827b767552942903810fb3aa11e74bee745def 
1.4.2023, 19:28:27 - INFO - Broadcasting event: board-get-update (userId: 6422e294e6f5b31b74228327)
1.4.2023, 19:28:27 - INFO - Emit to room: 6422de01e6f5b31b74228324 (userId: 6422e294e6f5b31b74228327)
1.4.2023, 19:28:28 - DEBUG - GOT: | 540c262b02d384bd1f8f0ca24667ebfe0544c23991a0e149267a2ecd776ad26d1b14a2caaefcd8864d8bc46b0d1a29eb425e67b62ad4872d21963924c8a768c70811096edd7977cfa925e9ac2fd7486c0d7451caca1a17c27b826ca86d143c57b180c4d1c18419becb6e4c23103e75a102746ec86c7cbf8ad76977c90d0d181bcd827b767552942903810fb3aa11e74bee745def 
1.4.2023, 19:28:28 - INFO - Broadcasting event: board-get-update (userId: 6422e294e6f5b31b74228327)
1.4.2023, 19:28:28 - INFO - Emit to room: 6422de01e6f5b31b74228324 (userId: 6422e294e6f5b31b74228327)
1.4.2023, 19:28:40 - INFO - Socket disconnected [id: undefined] 
1.4.2023, 19:29:20 - DEBUG - GOT: | 540c262b02d384bd1f8f0ca24667ebfe0544c23991a0e149267a2ecd776ad26d1b14a2caaefcd8864d8bc46b0d1a29eb425e67b62ad4872d21963924c8a768c70811096edd7977cfa925e9ac2fd7486c0d7451caca1a17c27b826ca86d143c57b180c4d1c18419becb6e4c23103e75a102746ec86c7cbf8ad76977c90d0d181bcd827b767552942903810fb3aa11e74bee745def 
1.4.2023, 19:29:20 - DEBUG - Getting Boards (userId: 6422e294e6f5b31b74228327)
1.4.2023, 19:29:20 - DEBUG - GOT: | 540c262b02d384bd1f8f0ca24667ebfe0544c23991a0e149267a2ecd776ad26d1b14a2caaefcd8864d8bc46b0d1a29eb425e67b62ad4872d21963924c8a768c70811096edd7977cfa925e9ac2fd7486c0d7451caca1a17c27b826ca86d143c57b180c4d1c18419becb6e4c23103e75a102746ec86c7cbf8ad76977c90d0d181bcd827b767552942903810fb3aa11e74bee745def 
1.4.2023, 19:29:21 - INFO - New connected socket [id: eq1ZXflIMkZqnvFbAAAV] 
1.4.2023, 19:29:22 - INFO - Setting socket.userId = cixtWA for socket [id: eq1ZXflIMkZqnvFbAAAV] 
1.4.2023, 19:29:51 - DEBUG - GOT: | 540c262b02d384bd1f8f0ca24667ebfe0544c23991a0e149267a2ecd776ad26d1b14a2caaefcd8864d8bc46b0d1a29eb425e67b62ad4872d21963924c8a768c70811096edd7977cfa925e9ac2fd7486c0d7451caca1a17c27b826ca86d143c57b180c4d1c18419becb6e4c23103e75a102746ec86c7cbf8ad76977c90d0d181bcd827b767552942903810fb3aa11e74bee745def 
1.4.2023, 19:29:51 - INFO - Broadcasting event: board-get-update (userId: 6422e294e6f5b31b74228327)
1.4.2023, 19:29:51 - INFO - Emit to room: 6422de01e6f5b31b74228324 (userId: 6422e294e6f5b31b74228327)
1.4.2023, 19:29:54 - INFO - Socket disconnected [id: undefined] 
1.4.2023, 19:29:54 - DEBUG - GOT: | 540c262b02d384bd1f8f0ca24667ebfe0544c23991a0e149267a2ecd776ad26d1b14a2caaefcd8864d8bc46b0d1a29eb425e67b62ad4872d21963924c8a768c70811096edd7977cfa925e9ac2fd7486c0d7451caca1a17c27b826ca86d143c57b180c4d1c18419becb6e4c23103e75a102746ec86c7cbf8ad76977c90d0d181bcd827b767552942903810fb3aa11e74bee745def 
1.4.2023, 19:29:54 - DEBUG - Getting Boards (userId: 6422e294e6f5b31b74228327)
1.4.2023, 19:29:55 - INFO - New connected socket [id: 99UIY-cf-txHYRJFAAAX] 
1.4.2023, 19:29:55 - DEBUG - GOT: | 540c262b02d384bd1f8f0ca24667ebfe0544c23991a0e149267a2ecd776ad26d1b14a2caaefcd8864d8bc46b0d1a29eb425e67b62ad4872d21963924c8a768c70811096edd7977cfa925e9ac2fd7486c0d7451caca1a17c27b826ca86d143c57b180c4d1c18419becb6e4c23103e75a102746ec86c7cbf8ad76977c90d0d181bcd827b767552942903810fb3aa11e74bee745def 
1.4.2023, 19:29:55 - INFO - Setting socket.userId = cixtWA for socket [id: 99UIY-cf-txHYRJFAAAX] 
1.4.2023, 19:30:38 - INFO - Socket disconnected [id: undefined] 
1.4.2023, 19:31:18 - DEBUG - GOT: | 540c262b02d384bd1f8f0ca24667ebfe0544c23991a0e149267a2ecd776ad26d1b14a2caaefcd8864d8bc46b0d1a29eb425e67b62ad4872d21963924c8a768c70811096edd7977cfa925e9ac2fd7486c0d7451caca1a17c27b826ca86d143c57b180c4d1c18419becb6e4c23103e75a102746ec86c7cbf8ad76977c90d0d181bcd827b767552942903810fb3aa11e74bee745def 
1.4.2023, 19:31:18 - DEBUG - GOT: | 540c262b02d384bd1f8f0ca24667ebfe0544c23991a0e149267a2ecd776ad26d1b14a2caaefcd8864d8bc46b0d1a29eb425e67b62ad4872d21963924c8a768c70811096edd7977cfa925e9ac2fd7486c0d7451caca1a17c27b826ca86d143c57b180c4d1c18419becb6e4c23103e75a102746ec86c7cbf8ad76977c90d0d181bcd827b767552942903810fb3aa11e74bee745def 
1.4.2023, 19:31:18 - DEBUG - Getting Boards (userId: 6422e294e6f5b31b74228327)
1.4.2023, 19:31:18 - INFO - New connected socket [id: sgwqwcjv7R3N_D9MAAAZ] 
1.4.2023, 19:31:20 - INFO - Setting socket.userId = cixtWA for socket [id: sgwqwcjv7R3N_D9MAAAZ] 
1.4.2023, 19:32:38 - INFO - Socket disconnected [id: undefined] 
1.4.2023, 19:33:18 - DEBUG - GOT: | 540c262b02d384bd1f8f0ca24667ebfe0544c23991a0e149267a2ecd776ad26d1b14a2caaefcd8864d8bc46b0d1a29eb425e67b62ad4872d21963924c8a768c70811096edd7977cfa925e9ac2fd7486c0d7451caca1a17c27b826ca86d143c57b180c4d1c18419becb6e4c23103e75a102746ec86c7cbf8ad76977c90d0d181bcd827b767552942903810fb3aa11e74bee745def 
1.4.2023, 19:33:18 - DEBUG - Getting Boards (userId: 6422e294e6f5b31b74228327)
1.4.2023, 19:33:18 - DEBUG - GOT: | 540c262b02d384bd1f8f0ca24667ebfe0544c23991a0e149267a2ecd776ad26d1b14a2caaefcd8864d8bc46b0d1a29eb425e67b62ad4872d21963924c8a768c70811096edd7977cfa925e9ac2fd7486c0d7451caca1a17c27b826ca86d143c57b180c4d1c18419becb6e4c23103e75a102746ec86c7cbf8ad76977c90d0d181bcd827b767552942903810fb3aa11e74bee745def 
1.4.2023, 19:33:19 - INFO - New connected socket [id: BY9V0zS7a-u0j5WmAAAb] 
1.4.2023, 19:33:20 - INFO - Setting socket.userId = cixtWA for socket [id: BY9V0zS7a-u0j5WmAAAb] 
1.4.2023, 19:38:01 - DEBUG - GOT: | 540c262b02d384bd1f8f0ca24667ebfe0544c23991a0e149267a2ecd776ad26d1b14a2caaefcd8864d8bc46b0d1a29eb425e67b62ad4872d21963924c8a768c70811096edd7977cfa925e9ac2fd7486c0d7451caca1a17c27b826ca86d143c57b180c4d1c18419becb6e4c23103e75a102746ec86c7cbf8ad76977c90d0d181bcd827b767552942903810fb3aa11e74bee745def 
1.4.2023, 19:38:01 - INFO - Emit to room: 6422de01e6f5b31b74228324 (userId: 6422e294e6f5b31b74228327)
1.4.2023, 19:38:01 - INFO - Broadcasting event: board-get-update (userId: 6422e294e6f5b31b74228327)
1.4.2023, 19:38:04 - DEBUG - GOT: | 540c262b02d384bd1f8f0ca24667ebfe0544c23991a0e149267a2ecd776ad26d1b14a2caaefcd8864d8bc46b0d1a29eb425e67b62ad4872d21963924c8a768c70811096edd7977cfa925e9ac2fd7486c0d7451caca1a17c27b826ca86d143c57b180c4d1c18419becb6e4c23103e75a102746ec86c7cbf8ad76977c90d0d181bcd827b767552942903810fb3aa11e74bee745def 
1.4.2023, 19:38:05 - INFO - Broadcasting event: board-get-update (userId: 6422e294e6f5b31b74228327)
1.4.2023, 19:38:05 - INFO - Emit to room: 6422de01e6f5b31b74228324 (userId: 6422e294e6f5b31b74228327)
1.4.2023, 19:38:07 - DEBUG - GOT: | 540c262b02d384bd1f8f0ca24667ebfe0544c23991a0e149267a2ecd776ad26d1b14a2caaefcd8864d8bc46b0d1a29eb425e67b62ad4872d21963924c8a768c70811096edd7977cfa925e9ac2fd7486c0d7451caca1a17c27b826ca86d143c57b180c4d1c18419becb6e4c23103e75a102746ec86c7cbf8ad76977c90d0d181bcd827b767552942903810fb3aa11e74bee745def 
1.4.2023, 19:38:07 - INFO - Emit to room: 6422de01e6f5b31b74228324 (userId: 6422e294e6f5b31b74228327)
1.4.2023, 19:38:07 - INFO - Broadcasting event: board-get-update (userId: 6422e294e6f5b31b74228327)
1.4.2023, 19:38:08 - DEBUG - GOT: | 540c262b02d384bd1f8f0ca24667ebfe0544c23991a0e149267a2ecd776ad26d1b14a2caaefcd8864d8bc46b0d1a29eb425e67b62ad4872d21963924c8a768c70811096edd7977cfa925e9ac2fd7486c0d7451caca1a17c27b826ca86d143c57b180c4d1c18419becb6e4c23103e75a102746ec86c7cbf8ad76977c90d0d181bcd827b767552942903810fb3aa11e74bee745def 
1.4.2023, 19:38:09 - INFO - Broadcasting event: board-get-update (userId: 6422e294e6f5b31b74228327)
1.4.2023, 19:38:09 - INFO - Emit to room: 6422de01e6f5b31b74228324 (userId: 6422e294e6f5b31b74228327)
1.4.2023, 19:38:21 - DEBUG - GOT: | 540c262b02d384bd1f8f0ca24667ebfe0544c23991a0e149267a2ecd776ad26d1b14a2caaefcd8864d8bc46b0d1a29eb425e67b62ad4872d21963924c8a768c70811096edd7977cfa925e9ac2fd7486c0d7451caca1a17c27b826ca86d143c57b180c4d1c18419becb6e4c23103e75a102746ec86c7cbf8ad76977c90d0d181bcd827b767552942903810fb3aa11e74bee745def 
1.4.2023, 19:38:21 - INFO - Broadcasting event: board-get-update (userId: 6422e294e6f5b31b74228327)
1.4.2023, 19:38:21 - INFO - Emit to room: 6422de01e6f5b31b74228324 (userId: 6422e294e6f5b31b74228327)
1.4.2023, 19:38:23 - DEBUG - GOT: | 540c262b02d384bd1f8f0ca24667ebfe0544c23991a0e149267a2ecd776ad26d1b14a2caaefcd8864d8bc46b0d1a29eb425e67b62ad4872d21963924c8a768c70811096edd7977cfa925e9ac2fd7486c0d7451caca1a17c27b826ca86d143c57b180c4d1c18419becb6e4c23103e75a102746ec86c7cbf8ad76977c90d0d181bcd827b767552942903810fb3aa11e74bee745def 
1.4.2023, 19:38:23 - INFO - Broadcasting event: board-get-update (userId: 6422e294e6f5b31b74228327)
1.4.2023, 19:38:23 - INFO - Emit to room: 6422de01e6f5b31b74228324 (userId: 6422e294e6f5b31b74228327)
1.4.2023, 19:38:25 - DEBUG - GOT: | 540c262b02d384bd1f8f0ca24667ebfe0544c23991a0e149267a2ecd776ad26d1b14a2caaefcd8864d8bc46b0d1a29eb425e67b62ad4872d21963924c8a768c70811096edd7977cfa925e9ac2fd7486c0d7451caca1a17c27b826ca86d143c57b180c4d1c18419becb6e4c23103e75a102746ec86c7cbf8ad76977c90d0d181bcd827b767552942903810fb3aa11e74bee745def 
1.4.2023, 19:38:25 - INFO - Broadcasting event: board-get-update (userId: 6422e294e6f5b31b74228327)
1.4.2023, 19:38:25 - INFO - Emit to room: 6422de01e6f5b31b74228324 (userId: 6422e294e6f5b31b74228327)
1.4.2023, 19:38:27 - DEBUG - GOT: | 540c262b02d384bd1f8f0ca24667ebfe0544c23991a0e149267a2ecd776ad26d1b14a2caaefcd8864d8bc46b0d1a29eb425e67b62ad4872d21963924c8a768c70811096edd7977cfa925e9ac2fd7486c0d7451caca1a17c27b826ca86d143c57b180c4d1c18419becb6e4c23103e75a102746ec86c7cbf8ad76977c90d0d181bcd827b767552942903810fb3aa11e74bee745def 
1.4.2023, 19:38:27 - INFO - Broadcasting event: board-get-update (userId: 6422e294e6f5b31b74228327)
1.4.2023, 19:38:27 - INFO - Emit to room: 6422de01e6f5b31b74228324 (userId: 6422e294e6f5b31b74228327)
1.4.2023, 19:38:28 - DEBUG - GOT: | 540c262b02d384bd1f8f0ca24667ebfe0544c23991a0e149267a2ecd776ad26d1b14a2caaefcd8864d8bc46b0d1a29eb425e67b62ad4872d21963924c8a768c70811096edd7977cfa925e9ac2fd7486c0d7451caca1a17c27b826ca86d143c57b180c4d1c18419becb6e4c23103e75a102746ec86c7cbf8ad76977c90d0d181bcd827b767552942903810fb3aa11e74bee745def 
1.4.2023, 19:38:28 - INFO - Broadcasting event: board-get-update (userId: 6422e294e6f5b31b74228327)
1.4.2023, 19:38:28 - INFO - Emit to room: 6422de01e6f5b31b74228324 (userId: 6422e294e6f5b31b74228327)
1.4.2023, 19:38:33 - INFO - Socket disconnected [id: undefined] 
1.4.2023, 19:39:20 - DEBUG - Getting Boards (userId: 6422e294e6f5b31b74228327)
1.4.2023, 19:39:20 - DEBUG - GOT: | 540c262b02d384bd1f8f0ca24667ebfe0544c23991a0e149267a2ecd776ad26d1b14a2caaefcd8864d8bc46b0d1a29eb425e67b62ad4872d21963924c8a768c70811096edd7977cfa925e9ac2fd7486c0d7451caca1a17c27b826ca86d143c57b180c4d1c18419becb6e4c23103e75a102746ec86c7cbf8ad76977c90d0d181bcd827b767552942903810fb3aa11e74bee745def 
1.4.2023, 19:39:20 - DEBUG - GOT: | 540c262b02d384bd1f8f0ca24667ebfe0544c23991a0e149267a2ecd776ad26d1b14a2caaefcd8864d8bc46b0d1a29eb425e67b62ad4872d21963924c8a768c70811096edd7977cfa925e9ac2fd7486c0d7451caca1a17c27b826ca86d143c57b180c4d1c18419becb6e4c23103e75a102746ec86c7cbf8ad76977c90d0d181bcd827b767552942903810fb3aa11e74bee745def 
1.4.2023, 19:39:20 - INFO - New connected socket [id: bciY8MWY-kZyXOR8AAAd] 
1.4.2023, 19:39:22 - INFO - Setting socket.userId = cixtWA for socket [id: bciY8MWY-kZyXOR8AAAd] 
1.4.2023, 19:47:29 - DEBUG - GOT: | 540c262b02d384bd1f8f0ca24667ebfe0544c23991a0e149267a2ecd776ad26d1b14a2caaefcd8864d8bc46b0d1a29eb425e67b62ad4872d21963924c8a768c70811096edd7977cfa925e9ac2fd7486c0d7451caca1a17c27b826ca86d143c57b180c4d1c18419becb6e4c23103e75a102746ec86c7cbf8ad76977c90d0d181bcd827b767552942903810fb3aa11e74bee745def 
1.4.2023, 19:47:29 - INFO - Broadcasting event: board-get-update (userId: 6422e294e6f5b31b74228327)
1.4.2023, 19:47:29 - INFO - Emit to room: 6422de01e6f5b31b74228324 (userId: 6422e294e6f5b31b74228327)
1.4.2023, 19:47:30 - DEBUG - GOT: | 540c262b02d384bd1f8f0ca24667ebfe0544c23991a0e149267a2ecd776ad26d1b14a2caaefcd8864d8bc46b0d1a29eb425e67b62ad4872d21963924c8a768c70811096edd7977cfa925e9ac2fd7486c0d7451caca1a17c27b826ca86d143c57b180c4d1c18419becb6e4c23103e75a102746ec86c7cbf8ad76977c90d0d181bcd827b767552942903810fb3aa11e74bee745def 
1.4.2023, 19:47:30 - INFO - Emit to room: 6422de01e6f5b31b74228324 (userId: 6422e294e6f5b31b74228327)
1.4.2023, 19:47:30 - INFO - Broadcasting event: board-get-update (userId: 6422e294e6f5b31b74228327)
1.4.2023, 19:47:45 - DEBUG - GOT: | 540c262b02d384bd1f8f0ca24667ebfe0544c23991a0e149267a2ecd776ad26d1b14a2caaefcd8864d8bc46b0d1a29eb425e67b62ad4872d21963924c8a768c70811096edd7977cfa925e9ac2fd7486c0d7451caca1a17c27b826ca86d143c57b180c4d1c18419becb6e4c23103e75a102746ec86c7cbf8ad76977c90d0d181bcd827b767552942903810fb3aa11e74bee745def 
1.4.2023, 19:47:45 - INFO - Broadcasting event: board-get-update (userId: 6422e294e6f5b31b74228327)
1.4.2023, 19:47:45 - INFO - Emit to room: 6422de01e6f5b31b74228324 (userId: 6422e294e6f5b31b74228327)
1.4.2023, 19:47:46 - DEBUG - GOT: | 540c262b02d384bd1f8f0ca24667ebfe0544c23991a0e149267a2ecd776ad26d1b14a2caaefcd8864d8bc46b0d1a29eb425e67b62ad4872d21963924c8a768c70811096edd7977cfa925e9ac2fd7486c0d7451caca1a17c27b826ca86d143c57b180c4d1c18419becb6e4c23103e75a102746ec86c7cbf8ad76977c90d0d181bcd827b767552942903810fb3aa11e74bee745def 
1.4.2023, 19:47:47 - INFO - Broadcasting event: board-get-update (userId: 6422e294e6f5b31b74228327)
1.4.2023, 19:47:47 - INFO - Emit to room: 6422de01e6f5b31b74228324 (userId: 6422e294e6f5b31b74228327)
1.4.2023, 19:47:50 - DEBUG - GOT: | 540c262b02d384bd1f8f0ca24667ebfe0544c23991a0e149267a2ecd776ad26d1b14a2caaefcd8864d8bc46b0d1a29eb425e67b62ad4872d21963924c8a768c70811096edd7977cfa925e9ac2fd7486c0d7451caca1a17c27b826ca86d143c57b180c4d1c18419becb6e4c23103e75a102746ec86c7cbf8ad76977c90d0d181bcd827b767552942903810fb3aa11e74bee745def 
1.4.2023, 19:47:51 - INFO - Broadcasting event: board-get-update (userId: 6422e294e6f5b31b74228327)
1.4.2023, 19:47:51 - INFO - Emit to room: 6422de01e6f5b31b74228324 (userId: 6422e294e6f5b31b74228327)
1.4.2023, 19:48:01 - INFO - Socket disconnected [id: undefined] 
1.4.2023, 19:48:41 - DEBUG - GOT: | 540c262b02d384bd1f8f0ca24667ebfe0544c23991a0e149267a2ecd776ad26d1b14a2caaefcd8864d8bc46b0d1a29eb425e67b62ad4872d21963924c8a768c70811096edd7977cfa925e9ac2fd7486c0d7451caca1a17c27b826ca86d143c57b180c4d1c18419becb6e4c23103e75a102746ec86c7cbf8ad76977c90d0d181bcd827b767552942903810fb3aa11e74bee745def 
1.4.2023, 19:48:41 - DEBUG - Getting Boards (userId: 6422e294e6f5b31b74228327)
1.4.2023, 19:48:41 - DEBUG - GOT: | 540c262b02d384bd1f8f0ca24667ebfe0544c23991a0e149267a2ecd776ad26d1b14a2caaefcd8864d8bc46b0d1a29eb425e67b62ad4872d21963924c8a768c70811096edd7977cfa925e9ac2fd7486c0d7451caca1a17c27b826ca86d143c57b180c4d1c18419becb6e4c23103e75a102746ec86c7cbf8ad76977c90d0d181bcd827b767552942903810fb3aa11e74bee745def 
1.4.2023, 19:48:41 - INFO - New connected socket [id: 0wIfZW70GiF2YonJAAAf] 
1.4.2023, 19:48:43 - INFO - Setting socket.userId = cixtWA for socket [id: 0wIfZW70GiF2YonJAAAf] 
1.4.2023, 19:56:47 - INFO - Socket disconnected [id: undefined] 
1.4.2023, 19:58:14 - DEBUG - GOT: | 540c262b02d384bd1f8f0ca24667ebfe0544c23991a0e149267a2ecd776ad26d1b14a2caaefcd8864d8bc46b0d1a29eb425e67b62ad4872d21963924c8a768c70811096edd7977cfa925e9ac2fd7486c0d7451caca1a17c27b826ca86d143c57b180c4d1c18419becb6e4c23103e75a102746ec86c7cbf8ad76977c90d0d181bcd827b767552942903810fb3aa11e74bee745def 
1.4.2023, 19:58:14 - DEBUG - Getting Boards (userId: 6422e294e6f5b31b74228327)
1.4.2023, 19:58:14 - DEBUG - GOT: | 540c262b02d384bd1f8f0ca24667ebfe0544c23991a0e149267a2ecd776ad26d1b14a2caaefcd8864d8bc46b0d1a29eb425e67b62ad4872d21963924c8a768c70811096edd7977cfa925e9ac2fd7486c0d7451caca1a17c27b826ca86d143c57b180c4d1c18419becb6e4c23103e75a102746ec86c7cbf8ad76977c90d0d181bcd827b767552942903810fb3aa11e74bee745def 
1.4.2023, 19:58:14 - INFO - New connected socket [id: ZARgWKxetcWGkHuaAAAh] 
1.4.2023, 19:58:15 - INFO - Setting socket.userId = cixtWA for socket [id: ZARgWKxetcWGkHuaAAAh] 
1.4.2023, 20:01:05 - DEBUG - GOT: | 540c262b02d384bd1f8f0ca24667ebfe0544c23991a0e149267a2ecd776ad26d1b14a2caaefcd8864d8bc46b0d1a29eb425e67b62ad4872d21963924c8a768c70811096edd7977cfa925e9ac2fd7486c0d7451caca1a17c27b826ca86d143c57b180c4d1c18419becb6e4c23103e75a102746ec86c7cbf8ad76977c90d0d181bcd827b767552942903810fb3aa11e74bee745def 
1.4.2023, 20:01:05 - INFO - Broadcasting event: board-get-update (userId: 6422e294e6f5b31b74228327)
1.4.2023, 20:01:05 - INFO - Emit to room: 6422de01e6f5b31b74228324 (userId: 6422e294e6f5b31b74228327)
1.4.2023, 20:02:26 - INFO - Socket disconnected [id: undefined] 
1.4.2023, 20:11:09 - INFO - Server is running on port: 3030 
1.4.2023, 20:12:24 - DEBUG - GOT: | 540c262b02d384bd1f8f0ca24667ebfe0544c23991a0e149267a2ecd776ad26d1b14a2caaefcd8864d8bc46b0d1a29eb425e67b62ad4872d21963924c8a768c70811096edd7977cfa925e9ac2fd7486c0d7451caca1a17c27b826ca86d143c57b180c4d1c18419becb6e4c23103e75a102746ec86c7cbf8ad76977c90d0d181bcd827b767552942903810fb3aa11e74bee745def 
1.4.2023, 20:12:24 - DEBUG - Getting Boards (userId: 6422e294e6f5b31b74228327)
1.4.2023, 20:12:24 - DEBUG - GOT: | 540c262b02d384bd1f8f0ca24667ebfe0544c23991a0e149267a2ecd776ad26d1b14a2caaefcd8864d8bc46b0d1a29eb425e67b62ad4872d21963924c8a768c70811096edd7977cfa925e9ac2fd7486c0d7451caca1a17c27b826ca86d143c57b180c4d1c18419becb6e4c23103e75a102746ec86c7cbf8ad76977c90d0d181bcd827b767552942903810fb3aa11e74bee745def 
1.4.2023, 20:12:24 - INFO - New connected socket [id: TI2u88ZY-iUI0VJ3AAAB] 
1.4.2023, 20:12:24 - INFO - Setting socket.userId = cixtWA for socket [id: TI2u88ZY-iUI0VJ3AAAB] 
1.4.2023, 20:16:54 - INFO - Socket disconnected [id: undefined] 
1.4.2023, 20:16:55 - DEBUG - GOT: | 540c262b02d384bd1f8f0ca24667ebfe0544c23991a0e149267a2ecd776ad26d1b14a2caaefcd8864d8bc46b0d1a29eb425e67b62ad4872d21963924c8a768c70811096edd7977cfa925e9ac2fd7486c0d7451caca1a17c27b826ca86d143c57b180c4d1c18419becb6e4c23103e75a102746ec86c7cbf8ad76977c90d0d181bcd827b767552942903810fb3aa11e74bee745def 
1.4.2023, 20:16:55 - DEBUG - Getting Boards (userId: 6422e294e6f5b31b74228327)
1.4.2023, 20:16:55 - INFO - New connected socket [id: x2x_EDS4UA2q38qQAAAD] 
1.4.2023, 20:16:55 - DEBUG - GOT: | 540c262b02d384bd1f8f0ca24667ebfe0544c23991a0e149267a2ecd776ad26d1b14a2caaefcd8864d8bc46b0d1a29eb425e67b62ad4872d21963924c8a768c70811096edd7977cfa925e9ac2fd7486c0d7451caca1a17c27b826ca86d143c57b180c4d1c18419becb6e4c23103e75a102746ec86c7cbf8ad76977c90d0d181bcd827b767552942903810fb3aa11e74bee745def 
1.4.2023, 20:16:56 - INFO - Setting socket.userId = cixtWA for socket [id: x2x_EDS4UA2q38qQAAAD] 
1.4.2023, 20:19:24 - INFO - Socket disconnected [id: undefined] 
1.4.2023, 20:20:32 - DEBUG - GOT: | 540c262b02d384bd1f8f0ca24667ebfe0544c23991a0e149267a2ecd776ad26d1b14a2caaefcd8864d8bc46b0d1a29eb425e67b62ad4872d21963924c8a768c70811096edd7977cfa925e9ac2fd7486c0d7451caca1a17c27b826ca86d143c57b180c4d1c18419becb6e4c23103e75a102746ec86c7cbf8ad76977c90d0d181bcd827b767552942903810fb3aa11e74bee745def 
1.4.2023, 20:20:32 - DEBUG - Getting Boards (userId: 6422e294e6f5b31b74228327)
1.4.2023, 20:20:32 - DEBUG - GOT: | 540c262b02d384bd1f8f0ca24667ebfe0544c23991a0e149267a2ecd776ad26d1b14a2caaefcd8864d8bc46b0d1a29eb425e67b62ad4872d21963924c8a768c70811096edd7977cfa925e9ac2fd7486c0d7451caca1a17c27b826ca86d143c57b180c4d1c18419becb6e4c23103e75a102746ec86c7cbf8ad76977c90d0d181bcd827b767552942903810fb3aa11e74bee745def 
1.4.2023, 20:20:32 - INFO - New connected socket [id: GZbfQr7ZBkZIONDSAAAF] 
1.4.2023, 20:20:33 - INFO - Setting socket.userId = cixtWA for socket [id: GZbfQr7ZBkZIONDSAAAF] 
1.4.2023, 20:36:35 - INFO - Socket disconnected [id: undefined] 
1.4.2023, 20:38:35 - DEBUG - GOT: | 540c262b02d384bd1f8f0ca24667ebfe0544c23991a0e149267a2ecd776ad26d1b14a2caaefcd8864d8bc46b0d1a29eb425e67b62ad4872d21963924c8a768c70811096edd7977cfa925e9ac2fd7486c0d7451caca1a17c27b826ca86d143c57b180c4d1c18419becb6e4c23103e75a102746ec86c7cbf8ad76977c90d0d181bcd827b767552942903810fb3aa11e74bee745def 
1.4.2023, 20:38:35 - DEBUG - Getting Boards (userId: 6422e294e6f5b31b74228327)
1.4.2023, 20:38:35 - DEBUG - GOT: | 540c262b02d384bd1f8f0ca24667ebfe0544c23991a0e149267a2ecd776ad26d1b14a2caaefcd8864d8bc46b0d1a29eb425e67b62ad4872d21963924c8a768c70811096edd7977cfa925e9ac2fd7486c0d7451caca1a17c27b826ca86d143c57b180c4d1c18419becb6e4c23103e75a102746ec86c7cbf8ad76977c90d0d181bcd827b767552942903810fb3aa11e74bee745def 
1.4.2023, 20:38:36 - INFO - New connected socket [id: Cy7qbi-DuSCHcF7lAAAH] 
1.4.2023, 20:38:36 - INFO - Setting socket.userId = cixtWA for socket [id: Cy7qbi-DuSCHcF7lAAAH] 
1.4.2023, 21:06:28 - INFO - Socket disconnected [id: undefined] 
1.4.2023, 21:07:08 - DEBUG - GOT: | 540c262b02d384bd1f8f0ca24667ebfe0544c23991a0e149267a2ecd776ad26d1b14a2caaefcd8864d8bc46b0d1a29eb425e67b62ad4872d21963924c8a768c70811096edd7977cfa925e9ac2fd7486c0d7451caca1a17c27b826ca86d143c57b180c4d1c18419becb6e4c23103e75a102746ec86c7cbf8ad76977c90d0d181bcd827b767552942903810fb3aa11e74bee745def 
1.4.2023, 21:07:08 - DEBUG - Getting Boards (userId: 6422e294e6f5b31b74228327)
1.4.2023, 21:07:08 - DEBUG - GOT: | 540c262b02d384bd1f8f0ca24667ebfe0544c23991a0e149267a2ecd776ad26d1b14a2caaefcd8864d8bc46b0d1a29eb425e67b62ad4872d21963924c8a768c70811096edd7977cfa925e9ac2fd7486c0d7451caca1a17c27b826ca86d143c57b180c4d1c18419becb6e4c23103e75a102746ec86c7cbf8ad76977c90d0d181bcd827b767552942903810fb3aa11e74bee745def 
1.4.2023, 21:07:08 - INFO - New connected socket [id: LH-VvjVSK_Ki7Vw5AAAJ] 
1.4.2023, 21:07:09 - INFO - Setting socket.userId = cixtWA for socket [id: LH-VvjVSK_Ki7Vw5AAAJ] 
1.4.2023, 21:08:12 - INFO - Socket disconnected [id: undefined] 
1.4.2023, 21:09:19 - DEBUG - GOT: | 540c262b02d384bd1f8f0ca24667ebfe0544c23991a0e149267a2ecd776ad26d1b14a2caaefcd8864d8bc46b0d1a29eb425e67b62ad4872d21963924c8a768c70811096edd7977cfa925e9ac2fd7486c0d7451caca1a17c27b826ca86d143c57b180c4d1c18419becb6e4c23103e75a102746ec86c7cbf8ad76977c90d0d181bcd827b767552942903810fb3aa11e74bee745def 
1.4.2023, 21:09:19 - DEBUG - Getting Boards (userId: 6422e294e6f5b31b74228327)
1.4.2023, 21:09:19 - DEBUG - GOT: | 540c262b02d384bd1f8f0ca24667ebfe0544c23991a0e149267a2ecd776ad26d1b14a2caaefcd8864d8bc46b0d1a29eb425e67b62ad4872d21963924c8a768c70811096edd7977cfa925e9ac2fd7486c0d7451caca1a17c27b826ca86d143c57b180c4d1c18419becb6e4c23103e75a102746ec86c7cbf8ad76977c90d0d181bcd827b767552942903810fb3aa11e74bee745def 
1.4.2023, 21:09:20 - INFO - New connected socket [id: nqyKNk6tmXX6YcYFAAAL] 
1.4.2023, 21:09:20 - INFO - Setting socket.userId = cixtWA for socket [id: nqyKNk6tmXX6YcYFAAAL] 
1.4.2023, 21:22:11 - INFO - Server is running on port: 3030 
1.4.2023, 21:22:13 - INFO - New connected socket [id: 6cul9H_W82CftbIgAAAB] 
1.4.2023, 21:22:19 - INFO - Socket disconnected [id: undefined] 
1.4.2023, 21:22:59 - DEBUG - GOT: | 540c262b02d384bd1f8f0ca24667ebfe0544c23991a0e149267a2ecd776ad26d1b14a2caaefcd8864d8bc46b0d1a29eb425e67b62ad4872d21963924c8a768c70811096edd7977cfa925e9ac2fd7486c0d7451caca1a17c27b826ca86d143c57b180c4d1c18419becb6e4c23103e75a102746ec86c7cbf8ad76977c90d0d181bcd827b767552942903810fb3aa11e74bee745def 
1.4.2023, 21:22:59 - DEBUG - Getting Boards (userId: 6422e294e6f5b31b74228327)
1.4.2023, 21:22:59 - DEBUG - GOT: | 540c262b02d384bd1f8f0ca24667ebfe0544c23991a0e149267a2ecd776ad26d1b14a2caaefcd8864d8bc46b0d1a29eb425e67b62ad4872d21963924c8a768c70811096edd7977cfa925e9ac2fd7486c0d7451caca1a17c27b826ca86d143c57b180c4d1c18419becb6e4c23103e75a102746ec86c7cbf8ad76977c90d0d181bcd827b767552942903810fb3aa11e74bee745def 
1.4.2023, 21:23:00 - INFO - New connected socket [id: RZf_Hu4zKPJqynqIAAAD] 
1.4.2023, 21:23:00 - INFO - Setting socket.userId = cixtWA for socket [id: RZf_Hu4zKPJqynqIAAAD] 
1.4.2023, 21:29:16 - INFO - Server is running on port: 3030 
1.4.2023, 21:29:18 - INFO - New connected socket [id: Sgfch-zzqU2Bjq4qAAAB] 
1.4.2023, 21:29:19 - INFO - Server is running on port: 3030 
1.4.2023, 21:29:21 - INFO - New connected socket [id: Ihedxn9dFNtgr_faAAAB] 
1.4.2023, 21:36:49 - INFO - Server is running on port: 3030 
1.4.2023, 21:36:50 - INFO - New connected socket [id: ybdPoBI_eulo_uzVAAAB] 
1.4.2023, 21:37:15 - INFO - Server is running on port: 3030 
1.4.2023, 21:37:16 - INFO - New connected socket [id: J_O3LA4i2jOnnxqpAAAB] 
1.4.2023, 21:37:17 - INFO - Server is running on port: 3030 
1.4.2023, 21:37:19 - INFO - New connected socket [id: n6a8uq0xuZYOM7rZAAAB] 
1.4.2023, 21:37:24 - INFO - Socket disconnected [id: undefined] 
1.4.2023, 21:38:14 - DEBUG - GOT: | 540c262b02d384bd1f8f0ca24667ebfe0544c23991a0e149267a2ecd776ad26d1b14a2caaefcd8864d8bc46b0d1a29eb425e67b62ad4872d21963924c8a768c70811096edd7977cfa925e9ac2fd7486c0d7451caca1a17c27b826ca86d143c57b180c4d1c18419becb6e4c23103e75a102746ec86c7cbf8ad76977c90d0d181bcd827b767552942903810fb3aa11e74bee745def 
1.4.2023, 21:38:14 - DEBUG - Getting Boards (userId: 6422e294e6f5b31b74228327)
1.4.2023, 21:38:14 - DEBUG - GOT: | 540c262b02d384bd1f8f0ca24667ebfe0544c23991a0e149267a2ecd776ad26d1b14a2caaefcd8864d8bc46b0d1a29eb425e67b62ad4872d21963924c8a768c70811096edd7977cfa925e9ac2fd7486c0d7451caca1a17c27b826ca86d143c57b180c4d1c18419becb6e4c23103e75a102746ec86c7cbf8ad76977c90d0d181bcd827b767552942903810fb3aa11e74bee745def 
1.4.2023, 21:38:14 - INFO - New connected socket [id: ar5dtsAcDpmXSribAAAD] 
1.4.2023, 21:38:15 - INFO - Setting socket.userId = cixtWA for socket [id: ar5dtsAcDpmXSribAAAD] 
1.4.2023, 21:44:53 - INFO - Server is running on port: 3030 
1.4.2023, 21:44:55 - INFO - Server is running on port: 3030 
1.4.2023, 21:44:58 - INFO - New connected socket [id: _X9vQ2rGq_mtXyKhAAAB] 
1.4.2023, 21:47:40 - INFO - Socket disconnected [id: undefined] 
1.4.2023, 21:48:35 - DEBUG - GOT: | 540c262b02d384bd1f8f0ca24667ebfe0544c23991a0e149267a2ecd776ad26d1b14a2caaefcd8864d8bc46b0d1a29eb425e67b62ad4872d21963924c8a768c70811096edd7977cfa925e9ac2fd7486c0d7451caca1a17c27b826ca86d143c57b180c4d1c18419becb6e4c23103e75a102746ec86c7cbf8ad76977c90d0d181bcd827b767552942903810fb3aa11e74bee745def 
1.4.2023, 21:48:35 - DEBUG - Getting Boards (userId: 6422e294e6f5b31b74228327)
1.4.2023, 21:48:35 - DEBUG - GOT: | 540c262b02d384bd1f8f0ca24667ebfe0544c23991a0e149267a2ecd776ad26d1b14a2caaefcd8864d8bc46b0d1a29eb425e67b62ad4872d21963924c8a768c70811096edd7977cfa925e9ac2fd7486c0d7451caca1a17c27b826ca86d143c57b180c4d1c18419becb6e4c23103e75a102746ec86c7cbf8ad76977c90d0d181bcd827b767552942903810fb3aa11e74bee745def 
1.4.2023, 21:48:36 - INFO - New connected socket [id: vnSF-BPzYE9LoCXLAAAD] 
1.4.2023, 21:48:36 - INFO - Setting socket.userId = cixtWA for socket [id: vnSF-BPzYE9LoCXLAAAD] 
1.4.2023, 21:51:18 - INFO - Server is running on port: 3030 
1.4.2023, 21:51:20 - INFO - Server is running on port: 3030 
1.4.2023, 21:51:21 - INFO - New connected socket [id: jco9hCdmSagJz1rnAAAB] 
2.4.2023, 8:37:21 - INFO - Server is running on port: 3030 
2.4.2023, 8:37:58 - DEBUG - GOT: | 540c262b02d384bd1f8f0ca24667ebfe0544c23991a0e149267a2ecd776ad26d1b14a2caaefcd8864d8bc46b0d1a29eb425e67b62ad4872d21963924c8a768c70811096edd7977cfa925e9ac2fd7486c0d7451caca1a17c27b826ca86d143c57b180c4d1c18419becb6e4c23103e75a102746ec86c7cbf8ad76977c90d0d181bcd827b767552942903810fb3aa11e74bee745def 
2.4.2023, 8:37:58 - DEBUG - GOT: | 540c262b02d384bd1f8f0ca24667ebfe0544c23991a0e149267a2ecd776ad26d1b14a2caaefcd8864d8bc46b0d1a29eb425e67b62ad4872d21963924c8a768c70811096edd7977cfa925e9ac2fd7486c0d7451caca1a17c27b826ca86d143c57b180c4d1c18419becb6e4c23103e75a102746ec86c7cbf8ad76977c90d0d181bcd827b767552942903810fb3aa11e74bee745def 
2.4.2023, 8:37:58 - DEBUG - Getting Boards (userId: 6422e294e6f5b31b74228327)
2.4.2023, 8:37:58 - INFO - New connected socket [id: DFGwwUc4nZrzvAqxAAAB] 
2.4.2023, 8:37:58 - INFO - Setting socket.userId = FsozMY for socket [id: DFGwwUc4nZrzvAqxAAAB] 
2.4.2023, 8:37:59 - INFO - Setting socket.userId = FsozMY for socket [id: DFGwwUc4nZrzvAqxAAAB] 
2.4.2023, 8:48:19 - DEBUG - GOT: | 540c262b02d384bd1f8f0ca24667ebfe0544c23991a0e149267a2ecd776ad26d1b14a2caaefcd8864d8bc46b0d1a29eb425e67b62ad4872d21963924c8a768c70811096edd7977cfa925e9ac2fd7486c0d7451caca1a17c27b826ca86d143c57b180c4d1c18419becb6e4c23103e75a102746ec86c7cbf8ad76977c90d0d181bcd827b767552942903810fb3aa11e74bee745def 
2.4.2023, 8:48:20 - INFO - Emit to room: 6422de01e6f5b31b74228324 (userId: 6422e294e6f5b31b74228327)
2.4.2023, 8:48:20 - INFO - Broadcasting event: board-get-update (userId: 6422e294e6f5b31b74228327)
2.4.2023, 8:48:20 - DEBUG - GOT: | 540c262b02d384bd1f8f0ca24667ebfe0544c23991a0e149267a2ecd776ad26d1b14a2caaefcd8864d8bc46b0d1a29eb425e67b62ad4872d21963924c8a768c70811096edd7977cfa925e9ac2fd7486c0d7451caca1a17c27b826ca86d143c57b180c4d1c18419becb6e4c23103e75a102746ec86c7cbf8ad76977c90d0d181bcd827b767552942903810fb3aa11e74bee745def 
2.4.2023, 8:48:21 - INFO - Broadcasting event: board-get-update (userId: 6422e294e6f5b31b74228327)
2.4.2023, 8:48:21 - INFO - Emit to room: 6422de01e6f5b31b74228324 (userId: 6422e294e6f5b31b74228327)
2.4.2023, 8:48:21 - DEBUG - GOT: | 540c262b02d384bd1f8f0ca24667ebfe0544c23991a0e149267a2ecd776ad26d1b14a2caaefcd8864d8bc46b0d1a29eb425e67b62ad4872d21963924c8a768c70811096edd7977cfa925e9ac2fd7486c0d7451caca1a17c27b826ca86d143c57b180c4d1c18419becb6e4c23103e75a102746ec86c7cbf8ad76977c90d0d181bcd827b767552942903810fb3aa11e74bee745def 
2.4.2023, 8:48:21 - INFO - Emit to room: 6422de01e6f5b31b74228324 (userId: 6422e294e6f5b31b74228327)
2.4.2023, 8:48:21 - INFO - Broadcasting event: board-get-update (userId: 6422e294e6f5b31b74228327)
2.4.2023, 8:52:13 - DEBUG - GOT: | 540c262b02d384bd1f8f0ca24667ebfe0544c23991a0e149267a2ecd776ad26d1b14a2caaefcd8864d8bc46b0d1a29eb425e67b62ad4872d21963924c8a768c70811096edd7977cfa925e9ac2fd7486c0d7451caca1a17c27b826ca86d143c57b180c4d1c18419becb6e4c23103e75a102746ec86c7cbf8ad76977c90d0d181bcd827b767552942903810fb3aa11e74bee745def 
2.4.2023, 8:52:14 - INFO - Broadcasting event: board-get-update (userId: 6422e294e6f5b31b74228327)
2.4.2023, 8:52:14 - INFO - Emit to room: 6422de01e6f5b31b74228324 (userId: 6422e294e6f5b31b74228327)
2.4.2023, 8:54:07 - DEBUG - GOT: | 540c262b02d384bd1f8f0ca24667ebfe0544c23991a0e149267a2ecd776ad26d1b14a2caaefcd8864d8bc46b0d1a29eb425e67b62ad4872d21963924c8a768c70811096edd7977cfa925e9ac2fd7486c0d7451caca1a17c27b826ca86d143c57b180c4d1c18419becb6e4c23103e75a102746ec86c7cbf8ad76977c90d0d181bcd827b767552942903810fb3aa11e74bee745def 
2.4.2023, 8:54:07 - INFO - Broadcasting event: board-get-update (userId: 6422e294e6f5b31b74228327)
2.4.2023, 8:54:07 - INFO - Emit to room: 6422de01e6f5b31b74228324 (userId: 6422e294e6f5b31b74228327)
2.4.2023, 8:54:11 - INFO - Socket disconnected [id: undefined] 
2.4.2023, 8:54:51 - DEBUG - GOT: | 540c262b02d384bd1f8f0ca24667ebfe0544c23991a0e149267a2ecd776ad26d1b14a2caaefcd8864d8bc46b0d1a29eb425e67b62ad4872d21963924c8a768c70811096edd7977cfa925e9ac2fd7486c0d7451caca1a17c27b826ca86d143c57b180c4d1c18419becb6e4c23103e75a102746ec86c7cbf8ad76977c90d0d181bcd827b767552942903810fb3aa11e74bee745def 
2.4.2023, 8:54:51 - DEBUG - Getting Boards (userId: 6422e294e6f5b31b74228327)
2.4.2023, 8:54:51 - DEBUG - GOT: | 540c262b02d384bd1f8f0ca24667ebfe0544c23991a0e149267a2ecd776ad26d1b14a2caaefcd8864d8bc46b0d1a29eb425e67b62ad4872d21963924c8a768c70811096edd7977cfa925e9ac2fd7486c0d7451caca1a17c27b826ca86d143c57b180c4d1c18419becb6e4c23103e75a102746ec86c7cbf8ad76977c90d0d181bcd827b767552942903810fb3aa11e74bee745def 
2.4.2023, 8:54:52 - INFO - New connected socket [id: ewFHnq_gahXSL93TAAAD] 
2.4.2023, 8:54:52 - INFO - Setting socket.userId = FsozMY for socket [id: ewFHnq_gahXSL93TAAAD] 
2.4.2023, 9:36:43 - DEBUG - GOT: | 540c262b02d384bd1f8f0ca24667ebfe0544c23991a0e149267a2ecd776ad26d1b14a2caaefcd8864d8bc46b0d1a29eb425e67b62ad4872d21963924c8a768c70811096edd7977cfa925e9ac2fd7486c0d7451caca1a17c27b826ca86d143c57b180c4d1c18419becb6e4c23103e75a102746ec86c7cbf8ad76977c90d0d181bcd827b767552942903810fb3aa11e74bee745def 
2.4.2023, 9:36:43 - INFO - Broadcasting event: board-get-update (userId: 6422e294e6f5b31b74228327)
2.4.2023, 9:36:43 - INFO - Emit to room: 6422de01e6f5b31b74228324 (userId: 6422e294e6f5b31b74228327)
2.4.2023, 9:36:44 - DEBUG - GOT: | 540c262b02d384bd1f8f0ca24667ebfe0544c23991a0e149267a2ecd776ad26d1b14a2caaefcd8864d8bc46b0d1a29eb425e67b62ad4872d21963924c8a768c70811096edd7977cfa925e9ac2fd7486c0d7451caca1a17c27b826ca86d143c57b180c4d1c18419becb6e4c23103e75a102746ec86c7cbf8ad76977c90d0d181bcd827b767552942903810fb3aa11e74bee745def 
2.4.2023, 9:36:45 - INFO - Broadcasting event: board-get-update (userId: 6422e294e6f5b31b74228327)
2.4.2023, 9:36:45 - INFO - Emit to room: 6422de01e6f5b31b74228324 (userId: 6422e294e6f5b31b74228327)
2.4.2023, 9:36:47 - DEBUG - GOT: | 540c262b02d384bd1f8f0ca24667ebfe0544c23991a0e149267a2ecd776ad26d1b14a2caaefcd8864d8bc46b0d1a29eb425e67b62ad4872d21963924c8a768c70811096edd7977cfa925e9ac2fd7486c0d7451caca1a17c27b826ca86d143c57b180c4d1c18419becb6e4c23103e75a102746ec86c7cbf8ad76977c90d0d181bcd827b767552942903810fb3aa11e74bee745def 
2.4.2023, 9:36:47 - INFO - Broadcasting event: board-get-update (userId: 6422e294e6f5b31b74228327)
2.4.2023, 9:36:47 - INFO - Emit to room: 6422de01e6f5b31b74228324 (userId: 6422e294e6f5b31b74228327)
2.4.2023, 9:36:50 - DEBUG - GOT: | 540c262b02d384bd1f8f0ca24667ebfe0544c23991a0e149267a2ecd776ad26d1b14a2caaefcd8864d8bc46b0d1a29eb425e67b62ad4872d21963924c8a768c70811096edd7977cfa925e9ac2fd7486c0d7451caca1a17c27b826ca86d143c57b180c4d1c18419becb6e4c23103e75a102746ec86c7cbf8ad76977c90d0d181bcd827b767552942903810fb3aa11e74bee745def 
2.4.2023, 9:36:50 - INFO - Broadcasting event: board-get-update (userId: 6422e294e6f5b31b74228327)
2.4.2023, 9:36:50 - INFO - Emit to room: 6422de01e6f5b31b74228324 (userId: 6422e294e6f5b31b74228327)
2.4.2023, 9:36:52 - DEBUG - GOT: | 540c262b02d384bd1f8f0ca24667ebfe0544c23991a0e149267a2ecd776ad26d1b14a2caaefcd8864d8bc46b0d1a29eb425e67b62ad4872d21963924c8a768c70811096edd7977cfa925e9ac2fd7486c0d7451caca1a17c27b826ca86d143c57b180c4d1c18419becb6e4c23103e75a102746ec86c7cbf8ad76977c90d0d181bcd827b767552942903810fb3aa11e74bee745def 
2.4.2023, 9:36:52 - INFO - Emit to room: 6422de01e6f5b31b74228324 (userId: 6422e294e6f5b31b74228327)
2.4.2023, 9:36:52 - INFO - Broadcasting event: board-get-update (userId: 6422e294e6f5b31b74228327)
2.4.2023, 10:15:01 - INFO - Socket disconnected [id: undefined] 
2.4.2023, 10:15:05 - DEBUG - GOT: | 540c262b02d384bd1f8f0ca24667ebfe0544c23991a0e149267a2ecd776ad26d1b14a2caaefcd8864d8bc46b0d1a29eb425e67b62ad4872d21963924c8a768c70811096edd7977cfa925e9ac2fd7486c0d7451caca1a17c27b826ca86d143c57b180c4d1c18419becb6e4c23103e75a102746ec86c7cbf8ad76977c90d0d181bcd827b767552942903810fb3aa11e74bee745def 
2.4.2023, 10:15:05 - DEBUG - Getting Boards (userId: 6422e294e6f5b31b74228327)
2.4.2023, 10:15:05 - DEBUG - GOT: | 540c262b02d384bd1f8f0ca24667ebfe0544c23991a0e149267a2ecd776ad26d1b14a2caaefcd8864d8bc46b0d1a29eb425e67b62ad4872d21963924c8a768c70811096edd7977cfa925e9ac2fd7486c0d7451caca1a17c27b826ca86d143c57b180c4d1c18419becb6e4c23103e75a102746ec86c7cbf8ad76977c90d0d181bcd827b767552942903810fb3aa11e74bee745def 
2.4.2023, 10:15:05 - INFO - New connected socket [id: Qa0lmkdU6_YSW-ygAAAF] 
2.4.2023, 10:15:06 - INFO - Setting socket.userId = FsozMY for socket [id: Qa0lmkdU6_YSW-ygAAAF] 
2.4.2023, 10:16:16 - INFO - Socket disconnected [id: undefined] 
2.4.2023, 10:16:16 - DEBUG - GOT: | 540c262b02d384bd1f8f0ca24667ebfe0544c23991a0e149267a2ecd776ad26d1b14a2caaefcd8864d8bc46b0d1a29eb425e67b62ad4872d21963924c8a768c70811096edd7977cfa925e9ac2fd7486c0d7451caca1a17c27b826ca86d143c57b180c4d1c18419becb6e4c23103e75a102746ec86c7cbf8ad76977c90d0d181bcd827b767552942903810fb3aa11e74bee745def 
2.4.2023, 10:16:16 - DEBUG - Getting Boards (userId: 6422e294e6f5b31b74228327)
2.4.2023, 10:16:16 - INFO - New connected socket [id: UdF0k__XEIYdu9ERAAAH] 
2.4.2023, 10:16:17 - DEBUG - GOT: | 540c262b02d384bd1f8f0ca24667ebfe0544c23991a0e149267a2ecd776ad26d1b14a2caaefcd8864d8bc46b0d1a29eb425e67b62ad4872d21963924c8a768c70811096edd7977cfa925e9ac2fd7486c0d7451caca1a17c27b826ca86d143c57b180c4d1c18419becb6e4c23103e75a102746ec86c7cbf8ad76977c90d0d181bcd827b767552942903810fb3aa11e74bee745def 
2.4.2023, 10:16:17 - INFO - Setting socket.userId = FsozMY for socket [id: UdF0k__XEIYdu9ERAAAH] 
2.4.2023, 10:19:31 - INFO - Socket disconnected [id: undefined] 
2.4.2023, 10:19:32 - DEBUG - GOT: | 540c262b02d384bd1f8f0ca24667ebfe0544c23991a0e149267a2ecd776ad26d1b14a2caaefcd8864d8bc46b0d1a29eb425e67b62ad4872d21963924c8a768c70811096edd7977cfa925e9ac2fd7486c0d7451caca1a17c27b826ca86d143c57b180c4d1c18419becb6e4c23103e75a102746ec86c7cbf8ad76977c90d0d181bcd827b767552942903810fb3aa11e74bee745def 
2.4.2023, 10:19:32 - DEBUG - Getting Boards (userId: 6422e294e6f5b31b74228327)
2.4.2023, 10:19:32 - DEBUG - GOT: | 540c262b02d384bd1f8f0ca24667ebfe0544c23991a0e149267a2ecd776ad26d1b14a2caaefcd8864d8bc46b0d1a29eb425e67b62ad4872d21963924c8a768c70811096edd7977cfa925e9ac2fd7486c0d7451caca1a17c27b826ca86d143c57b180c4d1c18419becb6e4c23103e75a102746ec86c7cbf8ad76977c90d0d181bcd827b767552942903810fb3aa11e74bee745def 
2.4.2023, 10:19:33 - INFO - New connected socket [id: QABGEnLsZwl_WNG9AAAJ] 
2.4.2023, 10:19:33 - INFO - Setting socket.userId = FsozMY for socket [id: QABGEnLsZwl_WNG9AAAJ] 
2.4.2023, 10:22:21 - INFO - Socket disconnected [id: undefined] 
2.4.2023, 10:22:22 - DEBUG - GOT: | 540c262b02d384bd1f8f0ca24667ebfe0544c23991a0e149267a2ecd776ad26d1b14a2caaefcd8864d8bc46b0d1a29eb425e67b62ad4872d21963924c8a768c70811096edd7977cfa925e9ac2fd7486c0d7451caca1a17c27b826ca86d143c57b180c4d1c18419becb6e4c23103e75a102746ec86c7cbf8ad76977c90d0d181bcd827b767552942903810fb3aa11e74bee745def 
2.4.2023, 10:22:22 - DEBUG - Getting Boards (userId: 6422e294e6f5b31b74228327)
2.4.2023, 10:22:22 - DEBUG - GOT: | 540c262b02d384bd1f8f0ca24667ebfe0544c23991a0e149267a2ecd776ad26d1b14a2caaefcd8864d8bc46b0d1a29eb425e67b62ad4872d21963924c8a768c70811096edd7977cfa925e9ac2fd7486c0d7451caca1a17c27b826ca86d143c57b180c4d1c18419becb6e4c23103e75a102746ec86c7cbf8ad76977c90d0d181bcd827b767552942903810fb3aa11e74bee745def 
2.4.2023, 10:22:22 - INFO - New connected socket [id: qqbi5JSnMuLAy4Y_AAAL] 
2.4.2023, 10:22:22 - INFO - Setting socket.userId = FsozMY for socket [id: qqbi5JSnMuLAy4Y_AAAL] 
2.4.2023, 10:23:24 - INFO - Socket disconnected [id: undefined] 
2.4.2023, 10:23:25 - DEBUG - GOT: | 540c262b02d384bd1f8f0ca24667ebfe0544c23991a0e149267a2ecd776ad26d1b14a2caaefcd8864d8bc46b0d1a29eb425e67b62ad4872d21963924c8a768c70811096edd7977cfa925e9ac2fd7486c0d7451caca1a17c27b826ca86d143c57b180c4d1c18419becb6e4c23103e75a102746ec86c7cbf8ad76977c90d0d181bcd827b767552942903810fb3aa11e74bee745def 
2.4.2023, 10:23:25 - DEBUG - GOT: | 540c262b02d384bd1f8f0ca24667ebfe0544c23991a0e149267a2ecd776ad26d1b14a2caaefcd8864d8bc46b0d1a29eb425e67b62ad4872d21963924c8a768c70811096edd7977cfa925e9ac2fd7486c0d7451caca1a17c27b826ca86d143c57b180c4d1c18419becb6e4c23103e75a102746ec86c7cbf8ad76977c90d0d181bcd827b767552942903810fb3aa11e74bee745def 
2.4.2023, 10:23:25 - DEBUG - Getting Boards (userId: 6422e294e6f5b31b74228327)
2.4.2023, 10:23:25 - INFO - New connected socket [id: Rywab2t3SVe7RBveAAAN] 
2.4.2023, 10:23:25 - INFO - Setting socket.userId = FsozMY for socket [id: Rywab2t3SVe7RBveAAAN] 
2.4.2023, 10:58:26 - INFO - Socket disconnected [id: undefined] 
2.4.2023, 10:58:27 - DEBUG - GOT: | 540c262b02d384bd1f8f0ca24667ebfe0544c23991a0e149267a2ecd776ad26d1b14a2caaefcd8864d8bc46b0d1a29eb425e67b62ad4872d21963924c8a768c70811096edd7977cfa925e9ac2fd7486c0d7451caca1a17c27b826ca86d143c57b180c4d1c18419becb6e4c23103e75a102746ec86c7cbf8ad76977c90d0d181bcd827b767552942903810fb3aa11e74bee745def 
2.4.2023, 10:58:27 - DEBUG - GOT: | 540c262b02d384bd1f8f0ca24667ebfe0544c23991a0e149267a2ecd776ad26d1b14a2caaefcd8864d8bc46b0d1a29eb425e67b62ad4872d21963924c8a768c70811096edd7977cfa925e9ac2fd7486c0d7451caca1a17c27b826ca86d143c57b180c4d1c18419becb6e4c23103e75a102746ec86c7cbf8ad76977c90d0d181bcd827b767552942903810fb3aa11e74bee745def 
2.4.2023, 10:58:27 - DEBUG - Getting Boards (userId: 6422e294e6f5b31b74228327)
2.4.2023, 10:58:27 - INFO - New connected socket [id: JY-Oq76LsnoMGsHmAAAP] 
2.4.2023, 10:58:27 - INFO - Setting socket.userId = FsozMY for socket [id: JY-Oq76LsnoMGsHmAAAP] 
2.4.2023, 11:01:42 - INFO - Socket disconnected [id: undefined] 
2.4.2023, 11:01:45 - DEBUG - GOT: | 540c262b02d384bd1f8f0ca24667ebfe0544c23991a0e149267a2ecd776ad26d1b14a2caaefcd8864d8bc46b0d1a29eb425e67b62ad4872d21963924c8a768c70811096edd7977cfa925e9ac2fd7486c0d7451caca1a17c27b826ca86d143c57b180c4d1c18419becb6e4c23103e75a102746ec86c7cbf8ad76977c90d0d181bcd827b767552942903810fb3aa11e74bee745def 
2.4.2023, 11:01:45 - DEBUG - Getting Boards (userId: 6422e294e6f5b31b74228327)
2.4.2023, 11:01:45 - DEBUG - GOT: | 540c262b02d384bd1f8f0ca24667ebfe0544c23991a0e149267a2ecd776ad26d1b14a2caaefcd8864d8bc46b0d1a29eb425e67b62ad4872d21963924c8a768c70811096edd7977cfa925e9ac2fd7486c0d7451caca1a17c27b826ca86d143c57b180c4d1c18419becb6e4c23103e75a102746ec86c7cbf8ad76977c90d0d181bcd827b767552942903810fb3aa11e74bee745def 
2.4.2023, 11:01:45 - INFO - New connected socket [id: o0t-Fva3nWcf2YfIAAAR] 
2.4.2023, 11:01:46 - INFO - Setting socket.userId = FsozMY for socket [id: o0t-Fva3nWcf2YfIAAAR] 
2.4.2023, 11:04:46 - INFO - Socket disconnected [id: undefined] 
2.4.2023, 11:04:47 - DEBUG - GOT: | 540c262b02d384bd1f8f0ca24667ebfe0544c23991a0e149267a2ecd776ad26d1b14a2caaefcd8864d8bc46b0d1a29eb425e67b62ad4872d21963924c8a768c70811096edd7977cfa925e9ac2fd7486c0d7451caca1a17c27b826ca86d143c57b180c4d1c18419becb6e4c23103e75a102746ec86c7cbf8ad76977c90d0d181bcd827b767552942903810fb3aa11e74bee745def 
2.4.2023, 11:04:47 - DEBUG - Getting Boards (userId: 6422e294e6f5b31b74228327)
2.4.2023, 11:04:47 - INFO - New connected socket [id: yDFYA490VuQoiWQZAAAT] 
2.4.2023, 11:04:47 - DEBUG - GOT: | 540c262b02d384bd1f8f0ca24667ebfe0544c23991a0e149267a2ecd776ad26d1b14a2caaefcd8864d8bc46b0d1a29eb425e67b62ad4872d21963924c8a768c70811096edd7977cfa925e9ac2fd7486c0d7451caca1a17c27b826ca86d143c57b180c4d1c18419becb6e4c23103e75a102746ec86c7cbf8ad76977c90d0d181bcd827b767552942903810fb3aa11e74bee745def 
2.4.2023, 11:04:48 - INFO - Setting socket.userId = FsozMY for socket [id: yDFYA490VuQoiWQZAAAT] 
2.4.2023, 11:05:20 - INFO - Socket disconnected [id: undefined] 
2.4.2023, 11:05:21 - DEBUG - GOT: | 540c262b02d384bd1f8f0ca24667ebfe0544c23991a0e149267a2ecd776ad26d1b14a2caaefcd8864d8bc46b0d1a29eb425e67b62ad4872d21963924c8a768c70811096edd7977cfa925e9ac2fd7486c0d7451caca1a17c27b826ca86d143c57b180c4d1c18419becb6e4c23103e75a102746ec86c7cbf8ad76977c90d0d181bcd827b767552942903810fb3aa11e74bee745def 
2.4.2023, 11:05:21 - DEBUG - Getting Boards (userId: 6422e294e6f5b31b74228327)
2.4.2023, 11:05:21 - DEBUG - GOT: | 540c262b02d384bd1f8f0ca24667ebfe0544c23991a0e149267a2ecd776ad26d1b14a2caaefcd8864d8bc46b0d1a29eb425e67b62ad4872d21963924c8a768c70811096edd7977cfa925e9ac2fd7486c0d7451caca1a17c27b826ca86d143c57b180c4d1c18419becb6e4c23103e75a102746ec86c7cbf8ad76977c90d0d181bcd827b767552942903810fb3aa11e74bee745def 
2.4.2023, 11:05:21 - INFO - New connected socket [id: ukVd_l0YoqLxPf1zAAAV] 
2.4.2023, 11:05:21 - INFO - Setting socket.userId = FsozMY for socket [id: ukVd_l0YoqLxPf1zAAAV] 
2.4.2023, 11:07:31 - INFO - Socket disconnected [id: undefined] 
2.4.2023, 11:07:34 - DEBUG - GOT: | 540c262b02d384bd1f8f0ca24667ebfe0544c23991a0e149267a2ecd776ad26d1b14a2caaefcd8864d8bc46b0d1a29eb425e67b62ad4872d21963924c8a768c70811096edd7977cfa925e9ac2fd7486c0d7451caca1a17c27b826ca86d143c57b180c4d1c18419becb6e4c23103e75a102746ec86c7cbf8ad76977c90d0d181bcd827b767552942903810fb3aa11e74bee745def 
2.4.2023, 11:07:34 - DEBUG - Getting Boards (userId: 6422e294e6f5b31b74228327)
2.4.2023, 11:07:34 - DEBUG - GOT: | 540c262b02d384bd1f8f0ca24667ebfe0544c23991a0e149267a2ecd776ad26d1b14a2caaefcd8864d8bc46b0d1a29eb425e67b62ad4872d21963924c8a768c70811096edd7977cfa925e9ac2fd7486c0d7451caca1a17c27b826ca86d143c57b180c4d1c18419becb6e4c23103e75a102746ec86c7cbf8ad76977c90d0d181bcd827b767552942903810fb3aa11e74bee745def 
2.4.2023, 11:07:34 - INFO - New connected socket [id: a0q6GMlUAxCyXtu6AAAX] 
2.4.2023, 11:07:35 - INFO - Setting socket.userId = FsozMY for socket [id: a0q6GMlUAxCyXtu6AAAX] 
2.4.2023, 11:08:27 - INFO - Socket disconnected [id: undefined] 
2.4.2023, 11:08:29 - DEBUG - GOT: | 540c262b02d384bd1f8f0ca24667ebfe0544c23991a0e149267a2ecd776ad26d1b14a2caaefcd8864d8bc46b0d1a29eb425e67b62ad4872d21963924c8a768c70811096edd7977cfa925e9ac2fd7486c0d7451caca1a17c27b826ca86d143c57b180c4d1c18419becb6e4c23103e75a102746ec86c7cbf8ad76977c90d0d181bcd827b767552942903810fb3aa11e74bee745def 
2.4.2023, 11:08:29 - DEBUG - Getting Boards (userId: 6422e294e6f5b31b74228327)
2.4.2023, 11:08:29 - DEBUG - GOT: | 540c262b02d384bd1f8f0ca24667ebfe0544c23991a0e149267a2ecd776ad26d1b14a2caaefcd8864d8bc46b0d1a29eb425e67b62ad4872d21963924c8a768c70811096edd7977cfa925e9ac2fd7486c0d7451caca1a17c27b826ca86d143c57b180c4d1c18419becb6e4c23103e75a102746ec86c7cbf8ad76977c90d0d181bcd827b767552942903810fb3aa11e74bee745def 
2.4.2023, 11:08:29 - INFO - New connected socket [id: vLlh1GML6yjc-nvwAAAZ] 
2.4.2023, 11:08:33 - INFO - Setting socket.userId = FsozMY for socket [id: vLlh1GML6yjc-nvwAAAZ] 
2.4.2023, 11:08:41 - INFO - Socket disconnected [id: undefined] 
2.4.2023, 11:08:43 - DEBUG - GOT: | 540c262b02d384bd1f8f0ca24667ebfe0544c23991a0e149267a2ecd776ad26d1b14a2caaefcd8864d8bc46b0d1a29eb425e67b62ad4872d21963924c8a768c70811096edd7977cfa925e9ac2fd7486c0d7451caca1a17c27b826ca86d143c57b180c4d1c18419becb6e4c23103e75a102746ec86c7cbf8ad76977c90d0d181bcd827b767552942903810fb3aa11e74bee745def 
2.4.2023, 11:08:43 - DEBUG - Getting Boards (userId: 6422e294e6f5b31b74228327)
2.4.2023, 11:08:43 - DEBUG - GOT: | 540c262b02d384bd1f8f0ca24667ebfe0544c23991a0e149267a2ecd776ad26d1b14a2caaefcd8864d8bc46b0d1a29eb425e67b62ad4872d21963924c8a768c70811096edd7977cfa925e9ac2fd7486c0d7451caca1a17c27b826ca86d143c57b180c4d1c18419becb6e4c23103e75a102746ec86c7cbf8ad76977c90d0d181bcd827b767552942903810fb3aa11e74bee745def 
2.4.2023, 11:08:43 - INFO - New connected socket [id: ZMrhJyzUqsME7OIWAAAb] 
2.4.2023, 11:08:43 - INFO - Setting socket.userId = FsozMY for socket [id: ZMrhJyzUqsME7OIWAAAb] 
2.4.2023, 11:09:28 - DEBUG - GOT: | 540c262b02d384bd1f8f0ca24667ebfe0544c23991a0e149267a2ecd776ad26d1b14a2caaefcd8864d8bc46b0d1a29eb425e67b62ad4872d21963924c8a768c70811096edd7977cfa925e9ac2fd7486c0d7451caca1a17c27b826ca86d143c57b180c4d1c18419becb6e4c23103e75a102746ec86c7cbf8ad76977c90d0d181bcd827b767552942903810fb3aa11e74bee745def 
2.4.2023, 11:09:28 - INFO - Socket disconnected [id: undefined] 
2.4.2023, 11:09:28 - INFO - Emit to room: 6422de01e6f5b31b74228324 (userId: 6422e294e6f5b31b74228327)
2.4.2023, 11:09:28 - INFO - Broadcasting event: board-get-update (userId: 6422e294e6f5b31b74228327)
2.4.2023, 11:09:29 - INFO - New connected socket [id: PJlF30IIAIruYmKPAAAd] 
2.4.2023, 11:11:36 - INFO - Socket disconnected [id: undefined] 
2.4.2023, 11:11:37 - DEBUG - GOT: | 540c262b02d384bd1f8f0ca24667ebfe0544c23991a0e149267a2ecd776ad26d1b14a2caaefcd8864d8bc46b0d1a29eb425e67b62ad4872d21963924c8a768c70811096edd7977cfa925e9ac2fd7486c0d7451caca1a17c27b826ca86d143c57b180c4d1c18419becb6e4c23103e75a102746ec86c7cbf8ad76977c90d0d181bcd827b767552942903810fb3aa11e74bee745def 
2.4.2023, 11:11:37 - DEBUG - Getting Boards (userId: 6422e294e6f5b31b74228327)
2.4.2023, 11:11:37 - DEBUG - GOT: | 540c262b02d384bd1f8f0ca24667ebfe0544c23991a0e149267a2ecd776ad26d1b14a2caaefcd8864d8bc46b0d1a29eb425e67b62ad4872d21963924c8a768c70811096edd7977cfa925e9ac2fd7486c0d7451caca1a17c27b826ca86d143c57b180c4d1c18419becb6e4c23103e75a102746ec86c7cbf8ad76977c90d0d181bcd827b767552942903810fb3aa11e74bee745def 
2.4.2023, 11:11:37 - INFO - New connected socket [id: Ju8Yy4R-5vVbCP_0AAAf] 
2.4.2023, 11:11:39 - INFO - Setting socket.userId = FsozMY for socket [id: Ju8Yy4R-5vVbCP_0AAAf] 
2.4.2023, 11:22:39 - INFO - Socket disconnected [id: undefined] 
2.4.2023, 11:22:51 - DEBUG - Getting Boards (userId: 6422e294e6f5b31b74228327)
2.4.2023, 11:22:51 - DEBUG - GOT: | 540c262b02d384bd1f8f0ca24667ebfe0544c23991a0e149267a2ecd776ad26d1b14a2caaefcd8864d8bc46b0d1a29eb425e67b62ad4872d21963924c8a768c70811096edd7977cfa925e9ac2fd7486c0d7451caca1a17c27b826ca86d143c57b180c4d1c18419becb6e4c23103e75a102746ec86c7cbf8ad76977c90d0d181bcd827b767552942903810fb3aa11e74bee745def 
2.4.2023, 11:22:51 - DEBUG - GOT: | 540c262b02d384bd1f8f0ca24667ebfe0544c23991a0e149267a2ecd776ad26d1b14a2caaefcd8864d8bc46b0d1a29eb425e67b62ad4872d21963924c8a768c70811096edd7977cfa925e9ac2fd7486c0d7451caca1a17c27b826ca86d143c57b180c4d1c18419becb6e4c23103e75a102746ec86c7cbf8ad76977c90d0d181bcd827b767552942903810fb3aa11e74bee745def 
2.4.2023, 11:22:51 - INFO - New connected socket [id: l_jk3qx57F0y7kStAAAh] 
2.4.2023, 11:22:52 - INFO - Setting socket.userId = FsozMY for socket [id: l_jk3qx57F0y7kStAAAh] 
2.4.2023, 11:25:43 - INFO - Server is running on port: 3030 
2.4.2023, 11:25:44 - INFO - New connected socket [id: VTE_AQfr4x5rX3fjAAAB] 
2.4.2023, 11:25:45 - INFO - Server is running on port: 3030 
2.4.2023, 11:25:47 - INFO - New connected socket [id: YLpo4_E193Ms_-jsAAAB] 
2.4.2023, 11:38:21 - INFO - Server is running on port: 3030 
2.4.2023, 11:38:24 - INFO - New connected socket [id: oy5tXdY9NHFmlQjVAAAB] 
2.4.2023, 11:38:24 - INFO - Setting socket.userId = FsozMY for socket [id: oy5tXdY9NHFmlQjVAAAB] 
2.4.2023, 11:39:39 - INFO - Socket disconnected [id: undefined] 
2.4.2023, 11:39:40 - DEBUG - GOT: | 540c262b02d384bd1f8f0ca24667ebfe0544c23991a0e149267a2ecd776ad26d1b14a2caaefcd8864d8bc46b0d1a29eb425e67b62ad4872d21963924c8a768c70811096edd7977cfa925e9ac2fd7486c0d7451caca1a17c27b826ca86d143c57b180c4d1c18419becb6e4c23103e75a102746ec86c7cbf8ad76977c90d0d181bcd827b767552942903810fb3aa11e74bee745def 
2.4.2023, 11:39:41 - DEBUG - Getting Boards (userId: 6422e294e6f5b31b74228327)
2.4.2023, 11:39:41 - DEBUG - GOT: | 540c262b02d384bd1f8f0ca24667ebfe0544c23991a0e149267a2ecd776ad26d1b14a2caaefcd8864d8bc46b0d1a29eb425e67b62ad4872d21963924c8a768c70811096edd7977cfa925e9ac2fd7486c0d7451caca1a17c27b826ca86d143c57b180c4d1c18419becb6e4c23103e75a102746ec86c7cbf8ad76977c90d0d181bcd827b767552942903810fb3aa11e74bee745def 
2.4.2023, 11:39:41 - INFO - New connected socket [id: rD3PwuPmVwsY4PYHAAAD] 
2.4.2023, 11:39:41 - INFO - Setting socket.userId = FsozMY for socket [id: rD3PwuPmVwsY4PYHAAAD] 
2.4.2023, 11:40:56 - DEBUG - GOT: | 540c262b02d384bd1f8f0ca24667ebfe0544c23991a0e149267a2ecd776ad26d1b14a2caaefcd8864d8bc46b0d1a29eb425e67b62ad4872d21963924c8a768c70811096edd7977cfa925e9ac2fd7486c0d7451caca1a17c27b826ca86d143c57b180c4d1c18419becb6e4c23103e75a102746ec86c7cbf8ad76977c90d0d181bcd827b767552942903810fb3aa11e74bee745def 
2.4.2023, 11:40:56 - INFO - Broadcasting event: board-get-update (userId: 6422e294e6f5b31b74228327)
2.4.2023, 11:40:56 - INFO - Emit to room: 6422de01e6f5b31b74228324 (userId: 6422e294e6f5b31b74228327)
2.4.2023, 11:41:04 - DEBUG - GOT: | 540c262b02d384bd1f8f0ca24667ebfe0544c23991a0e149267a2ecd776ad26d1b14a2caaefcd8864d8bc46b0d1a29eb425e67b62ad4872d21963924c8a768c70811096edd7977cfa925e9ac2fd7486c0d7451caca1a17c27b826ca86d143c57b180c4d1c18419becb6e4c23103e75a102746ec86c7cbf8ad76977c90d0d181bcd827b767552942903810fb3aa11e74bee745def 
2.4.2023, 11:41:05 - INFO - Broadcasting event: board-get-update (userId: 6422e294e6f5b31b74228327)
2.4.2023, 11:41:05 - INFO - Emit to room: 6422de01e6f5b31b74228324 (userId: 6422e294e6f5b31b74228327)
2.4.2023, 11:41:09 - DEBUG - GOT: | 540c262b02d384bd1f8f0ca24667ebfe0544c23991a0e149267a2ecd776ad26d1b14a2caaefcd8864d8bc46b0d1a29eb425e67b62ad4872d21963924c8a768c70811096edd7977cfa925e9ac2fd7486c0d7451caca1a17c27b826ca86d143c57b180c4d1c18419becb6e4c23103e75a102746ec86c7cbf8ad76977c90d0d181bcd827b767552942903810fb3aa11e74bee745def 
2.4.2023, 11:41:09 - INFO - Broadcasting event: board-get-update (userId: 6422e294e6f5b31b74228327)
2.4.2023, 11:41:09 - INFO - Emit to room: 6422de01e6f5b31b74228324 (userId: 6422e294e6f5b31b74228327)
2.4.2023, 11:41:11 - DEBUG - GOT: | 540c262b02d384bd1f8f0ca24667ebfe0544c23991a0e149267a2ecd776ad26d1b14a2caaefcd8864d8bc46b0d1a29eb425e67b62ad4872d21963924c8a768c70811096edd7977cfa925e9ac2fd7486c0d7451caca1a17c27b826ca86d143c57b180c4d1c18419becb6e4c23103e75a102746ec86c7cbf8ad76977c90d0d181bcd827b767552942903810fb3aa11e74bee745def 
2.4.2023, 11:41:11 - INFO - Broadcasting event: board-get-update (userId: 6422e294e6f5b31b74228327)
2.4.2023, 11:41:11 - INFO - Emit to room: 6422de01e6f5b31b74228324 (userId: 6422e294e6f5b31b74228327)
2.4.2023, 11:41:15 - DEBUG - GOT: | 540c262b02d384bd1f8f0ca24667ebfe0544c23991a0e149267a2ecd776ad26d1b14a2caaefcd8864d8bc46b0d1a29eb425e67b62ad4872d21963924c8a768c70811096edd7977cfa925e9ac2fd7486c0d7451caca1a17c27b826ca86d143c57b180c4d1c18419becb6e4c23103e75a102746ec86c7cbf8ad76977c90d0d181bcd827b767552942903810fb3aa11e74bee745def 
2.4.2023, 11:41:15 - INFO - Broadcasting event: board-get-update (userId: 6422e294e6f5b31b74228327)
2.4.2023, 11:41:15 - INFO - Emit to room: 6422de01e6f5b31b74228324 (userId: 6422e294e6f5b31b74228327)
2.4.2023, 11:42:12 - INFO - Socket disconnected [id: undefined] 
2.4.2023, 11:42:13 - DEBUG - GOT: | 540c262b02d384bd1f8f0ca24667ebfe0544c23991a0e149267a2ecd776ad26d1b14a2caaefcd8864d8bc46b0d1a29eb425e67b62ad4872d21963924c8a768c70811096edd7977cfa925e9ac2fd7486c0d7451caca1a17c27b826ca86d143c57b180c4d1c18419becb6e4c23103e75a102746ec86c7cbf8ad76977c90d0d181bcd827b767552942903810fb3aa11e74bee745def 
2.4.2023, 11:42:13 - DEBUG - Getting Boards (userId: 6422e294e6f5b31b74228327)
2.4.2023, 11:42:13 - DEBUG - GOT: | 540c262b02d384bd1f8f0ca24667ebfe0544c23991a0e149267a2ecd776ad26d1b14a2caaefcd8864d8bc46b0d1a29eb425e67b62ad4872d21963924c8a768c70811096edd7977cfa925e9ac2fd7486c0d7451caca1a17c27b826ca86d143c57b180c4d1c18419becb6e4c23103e75a102746ec86c7cbf8ad76977c90d0d181bcd827b767552942903810fb3aa11e74bee745def 
2.4.2023, 11:42:13 - INFO - New connected socket [id: vSozyz2nbNI4vRhDAAAF] 
2.4.2023, 11:42:14 - INFO - Setting socket.userId = FsozMY for socket [id: vSozyz2nbNI4vRhDAAAF] 
2.4.2023, 11:44:47 - INFO - Server is running on port: 3030 
2.4.2023, 11:44:47 - INFO - New connected socket [id: ZFcnhhYXQfi4A01yAAAB] 
